mode: set
github.com/GoogleCloudPlatform/microservices-demo/src/frontend/deployment_details.go:15.13,20.2 2 0
github.com/GoogleCloudPlatform/microservices-demo/src/frontend/deployment_details.go:22.25,34.2 4 0
github.com/GoogleCloudPlatform/microservices-demo/src/frontend/deployment_details.go:36.30,41.16 4 0
github.com/GoogleCloudPlatform/microservices-demo/src/frontend/deployment_details.go:41.16,43.3 1 0
github.com/GoogleCloudPlatform/microservices-demo/src/frontend/deployment_details.go:45.2,46.16 2 0
github.com/GoogleCloudPlatform/microservices-demo/src/frontend/deployment_details.go:46.16,48.3 1 0
github.com/GoogleCloudPlatform/microservices-demo/src/frontend/deployment_details.go:50.2,51.16 2 0
github.com/GoogleCloudPlatform/microservices-demo/src/frontend/deployment_details.go:51.16,53.3 1 0
github.com/GoogleCloudPlatform/microservices-demo/src/frontend/deployment_details.go:55.2,63.39 4 0
github.com/GoogleCloudPlatform/microservices-demo/src/frontend/handlers.go:59.79,63.16 4 0
github.com/GoogleCloudPlatform/microservices-demo/src/frontend/handlers.go:63.16,66.3 2 0
github.com/GoogleCloudPlatform/microservices-demo/src/frontend/handlers.go:67.2,68.16 2 0
github.com/GoogleCloudPlatform/microservices-demo/src/frontend/handlers.go:68.16,71.3 2 0
github.com/GoogleCloudPlatform/microservices-demo/src/frontend/handlers.go:72.2,73.16 2 0
github.com/GoogleCloudPlatform/microservices-demo/src/frontend/handlers.go:73.16,76.3 2 0
github.com/GoogleCloudPlatform/microservices-demo/src/frontend/handlers.go:78.2,83.29 3 0
github.com/GoogleCloudPlatform/microservices-demo/src/frontend/handlers.go:83.29,85.17 2 0
github.com/GoogleCloudPlatform/microservices-demo/src/frontend/handlers.go:85.17,88.4 2 0
github.com/GoogleCloudPlatform/microservices-demo/src/frontend/handlers.go:89.3,89.32 1 0
github.com/GoogleCloudPlatform/microservices-demo/src/frontend/handlers.go:93.2,95.57 2 0
github.com/GoogleCloudPlatform/microservices-demo/src/frontend/handlers.go:95.57,98.3 2 0
github.com/GoogleCloudPlatform/microservices-demo/src/frontend/handlers.go:100.2,101.35 2 0
github.com/GoogleCloudPlatform/microservices-demo/src/frontend/handlers.go:101.35,104.3 2 0
github.com/GoogleCloudPlatform/microservices-demo/src/frontend/handlers.go:106.2,117.18 4 0
github.com/GoogleCloudPlatform/microservices-demo/src/frontend/handlers.go:117.18,119.3 1 0
github.com/GoogleCloudPlatform/microservices-demo/src/frontend/handlers.go:122.61,123.18 1 0
github.com/GoogleCloudPlatform/microservices-demo/src/frontend/handlers.go:123.18,126.3 2 0
github.com/GoogleCloudPlatform/microservices-demo/src/frontend/handlers.go:126.8,126.28 1 0
github.com/GoogleCloudPlatform/microservices-demo/src/frontend/handlers.go:126.28,129.3 2 0
github.com/GoogleCloudPlatform/microservices-demo/src/frontend/handlers.go:129.8,129.27 1 0
github.com/GoogleCloudPlatform/microservices-demo/src/frontend/handlers.go:129.27,132.3 2 0
github.com/GoogleCloudPlatform/microservices-demo/src/frontend/handlers.go:132.8,132.25 1 0
github.com/GoogleCloudPlatform/microservices-demo/src/frontend/handlers.go:132.25,135.3 2 0
github.com/GoogleCloudPlatform/microservices-demo/src/frontend/handlers.go:135.8,135.29 1 0
github.com/GoogleCloudPlatform/microservices-demo/src/frontend/handlers.go:135.29,138.3 2 0
github.com/GoogleCloudPlatform/microservices-demo/src/frontend/handlers.go:138.8,141.3 2 0
github.com/GoogleCloudPlatform/microservices-demo/src/frontend/handlers.go:144.82,147.14 3 0
github.com/GoogleCloudPlatform/microservices-demo/src/frontend/handlers.go:147.14,150.3 2 0
github.com/GoogleCloudPlatform/microservices-demo/src/frontend/handlers.go:151.2,155.16 3 0
github.com/GoogleCloudPlatform/microservices-demo/src/frontend/handlers.go:155.16,158.3 2 0
github.com/GoogleCloudPlatform/microservices-demo/src/frontend/handlers.go:159.2,160.16 2 0
github.com/GoogleCloudPlatform/microservices-demo/src/frontend/handlers.go:160.16,163.3 2 0
github.com/GoogleCloudPlatform/microservices-demo/src/frontend/handlers.go:165.2,166.16 2 0
github.com/GoogleCloudPlatform/microservices-demo/src/frontend/handlers.go:166.16,169.3 2 0
github.com/GoogleCloudPlatform/microservices-demo/src/frontend/handlers.go:171.2,172.16 2 0
github.com/GoogleCloudPlatform/microservices-demo/src/frontend/handlers.go:172.16,175.3 2 0
github.com/GoogleCloudPlatform/microservices-demo/src/frontend/handlers.go:178.2,179.16 2 0
github.com/GoogleCloudPlatform/microservices-demo/src/frontend/handlers.go:179.16,181.3 1 0
github.com/GoogleCloudPlatform/microservices-demo/src/frontend/handlers.go:183.2,191.36 3 0
github.com/GoogleCloudPlatform/microservices-demo/src/frontend/handlers.go:191.36,193.17 2 0
github.com/GoogleCloudPlatform/microservices-demo/src/frontend/handlers.go:193.17,195.4 1 0
github.com/GoogleCloudPlatform/microservices-demo/src/frontend/handlers.go:198.2,206.18 1 0
github.com/GoogleCloudPlatform/microservices-demo/src/frontend/handlers.go:206.18,208.3 1 0
github.com/GoogleCloudPlatform/microservices-demo/src/frontend/handlers.go:211.84,219.43 5 0
github.com/GoogleCloudPlatform/microservices-demo/src/frontend/handlers.go:219.43,222.3 2 0
github.com/GoogleCloudPlatform/microservices-demo/src/frontend/handlers.go:223.2,226.16 3 0
github.com/GoogleCloudPlatform/microservices-demo/src/frontend/handlers.go:226.16,229.3 2 0
github.com/GoogleCloudPlatform/microservices-demo/src/frontend/handlers.go:231.2,231.101 1 0
github.com/GoogleCloudPlatform/microservices-demo/src/frontend/handlers.go:231.101,234.3 2 0
github.com/GoogleCloudPlatform/microservices-demo/src/frontend/handlers.go:235.2,236.33 2 0
github.com/GoogleCloudPlatform/microservices-demo/src/frontend/handlers.go:241.87,250.61 3 0
github.com/GoogleCloudPlatform/microservices-demo/src/frontend/handlers.go:250.61,259.3 4 0
github.com/GoogleCloudPlatform/microservices-demo/src/frontend/handlers.go:262.2,266.43 2 0
github.com/GoogleCloudPlatform/microservices-demo/src/frontend/handlers.go:266.43,275.3 4 0
github.com/GoogleCloudPlatform/microservices-demo/src/frontend/handlers.go:277.2,281.16 3 0
github.com/GoogleCloudPlatform/microservices-demo/src/frontend/handlers.go:281.16,291.3 5 0
github.com/GoogleCloudPlatform/microservices-demo/src/frontend/handlers.go:294.2,294.101 1 0
github.com/GoogleCloudPlatform/microservices-demo/src/frontend/handlers.go:294.101,304.3 5 0
github.com/GoogleCloudPlatform/microservices-demo/src/frontend/handlers.go:307.2,308.16 2 0
github.com/GoogleCloudPlatform/microservices-demo/src/frontend/handlers.go:308.16,310.3 1 0
github.com/GoogleCloudPlatform/microservices-demo/src/frontend/handlers.go:312.2,313.22 2 0
github.com/GoogleCloudPlatform/microservices-demo/src/frontend/handlers.go:313.22,315.3 1 0
github.com/GoogleCloudPlatform/microservices-demo/src/frontend/handlers.go:318.2,324.4 3 0
github.com/GoogleCloudPlatform/microservices-demo/src/frontend/handlers.go:327.84,331.64 3 0
github.com/GoogleCloudPlatform/microservices-demo/src/frontend/handlers.go:331.64,334.3 2 0
github.com/GoogleCloudPlatform/microservices-demo/src/frontend/handlers.go:335.2,336.33 2 0
github.com/GoogleCloudPlatform/microservices-demo/src/frontend/handlers.go:339.83,343.16 4 0
github.com/GoogleCloudPlatform/microservices-demo/src/frontend/handlers.go:343.16,346.3 2 0
github.com/GoogleCloudPlatform/microservices-demo/src/frontend/handlers.go:347.2,348.16 2 0
github.com/GoogleCloudPlatform/microservices-demo/src/frontend/handlers.go:348.16,351.3 2 0
github.com/GoogleCloudPlatform/microservices-demo/src/frontend/handlers.go:354.2,355.16 2 0
github.com/GoogleCloudPlatform/microservices-demo/src/frontend/handlers.go:355.16,357.3 1 0
github.com/GoogleCloudPlatform/microservices-demo/src/frontend/handlers.go:359.2,360.16 2 0
github.com/GoogleCloudPlatform/microservices-demo/src/frontend/handlers.go:360.16,363.3 2 0
github.com/GoogleCloudPlatform/microservices-demo/src/frontend/handlers.go:365.2,372.28 4 0
github.com/GoogleCloudPlatform/microservices-demo/src/frontend/handlers.go:372.28,374.17 2 0
github.com/GoogleCloudPlatform/microservices-demo/src/frontend/handlers.go:374.17,377.4 2 0
github.com/GoogleCloudPlatform/microservices-demo/src/frontend/handlers.go:378.3,379.17 2 0
github.com/GoogleCloudPlatform/microservices-demo/src/frontend/handlers.go:379.17,382.4 2 0
github.com/GoogleCloudPlatform/microservices-demo/src/frontend/handlers.go:384.3,389.60 3 0
github.com/GoogleCloudPlatform/microservices-demo/src/frontend/handlers.go:391.2,403.18 3 0
github.com/GoogleCloudPlatform/microservices-demo/src/frontend/handlers.go:403.18,405.3 1 0
github.com/GoogleCloudPlatform/microservices-demo/src/frontend/handlers.go:408.85,437.43 5 0
github.com/GoogleCloudPlatform/microservices-demo/src/frontend/handlers.go:437.43,440.3 2 0
github.com/GoogleCloudPlatform/microservices-demo/src/frontend/handlers.go:442.2,459.16 2 0
github.com/GoogleCloudPlatform/microservices-demo/src/frontend/handlers.go:459.16,462.3 2 0
github.com/GoogleCloudPlatform/microservices-demo/src/frontend/handlers.go:463.2,469.48 5 0
github.com/GoogleCloudPlatform/microservices-demo/src/frontend/handlers.go:469.48,472.3 2 0
github.com/GoogleCloudPlatform/microservices-demo/src/frontend/handlers.go:474.2,475.16 2 0
github.com/GoogleCloudPlatform/microservices-demo/src/frontend/handlers.go:475.16,478.3 2 0
github.com/GoogleCloudPlatform/microservices-demo/src/frontend/handlers.go:480.2,486.18 1 0
github.com/GoogleCloudPlatform/microservices-demo/src/frontend/handlers.go:486.18,488.3 1 0
github.com/GoogleCloudPlatform/microservices-demo/src/frontend/handlers.go:491.84,493.16 2 0
github.com/GoogleCloudPlatform/microservices-demo/src/frontend/handlers.go:493.16,496.3 2 0
github.com/GoogleCloudPlatform/microservices-demo/src/frontend/handlers.go:498.2,501.18 1 0
github.com/GoogleCloudPlatform/microservices-demo/src/frontend/handlers.go:501.18,503.3 1 0
github.com/GoogleCloudPlatform/microservices-demo/src/frontend/handlers.go:506.81,509.32 3 0
github.com/GoogleCloudPlatform/microservices-demo/src/frontend/handlers.go:509.32,513.3 3 0
github.com/GoogleCloudPlatform/microservices-demo/src/frontend/handlers.go:514.2,515.33 2 0
github.com/GoogleCloudPlatform/microservices-demo/src/frontend/handlers.go:518.82,520.14 2 0
github.com/GoogleCloudPlatform/microservices-demo/src/frontend/handlers.go:520.14,522.3 1 0
github.com/GoogleCloudPlatform/microservices-demo/src/frontend/handlers.go:524.2,525.16 2 0
github.com/GoogleCloudPlatform/microservices-demo/src/frontend/handlers.go:525.16,527.3 1 0
github.com/GoogleCloudPlatform/microservices-demo/src/frontend/handlers.go:529.2,530.16 2 0
github.com/GoogleCloudPlatform/microservices-demo/src/frontend/handlers.go:530.16,533.3 2 0
github.com/GoogleCloudPlatform/microservices-demo/src/frontend/handlers.go:535.2,536.30 2 0
github.com/GoogleCloudPlatform/microservices-demo/src/frontend/handlers.go:539.82,554.16 7 0
github.com/GoogleCloudPlatform/microservices-demo/src/frontend/handlers.go:554.16,557.3 2 0
github.com/GoogleCloudPlatform/microservices-demo/src/frontend/handlers.go:558.2,561.16 4 0
github.com/GoogleCloudPlatform/microservices-demo/src/frontend/handlers.go:561.16,564.3 2 0
github.com/GoogleCloudPlatform/microservices-demo/src/frontend/handlers.go:566.2,567.16 2 0
github.com/GoogleCloudPlatform/microservices-demo/src/frontend/handlers.go:567.16,570.3 2 0
github.com/GoogleCloudPlatform/microservices-demo/src/frontend/handlers.go:572.2,576.16 4 0
github.com/GoogleCloudPlatform/microservices-demo/src/frontend/handlers.go:576.16,579.3 2 0
github.com/GoogleCloudPlatform/microservices-demo/src/frontend/handlers.go:582.2,584.30 2 0
github.com/GoogleCloudPlatform/microservices-demo/src/frontend/handlers.go:587.86,591.43 4 0
github.com/GoogleCloudPlatform/microservices-demo/src/frontend/handlers.go:591.43,594.3 2 0
github.com/GoogleCloudPlatform/microservices-demo/src/frontend/handlers.go:595.2,598.28 2 0
github.com/GoogleCloudPlatform/microservices-demo/src/frontend/handlers.go:598.28,604.3 1 0
github.com/GoogleCloudPlatform/microservices-demo/src/frontend/handlers.go:605.2,606.19 2 0
github.com/GoogleCloudPlatform/microservices-demo/src/frontend/handlers.go:606.19,608.3 1 0
github.com/GoogleCloudPlatform/microservices-demo/src/frontend/handlers.go:609.2,610.33 2 0
github.com/GoogleCloudPlatform/microservices-demo/src/frontend/handlers.go:615.106,617.16 2 0
github.com/GoogleCloudPlatform/microservices-demo/src/frontend/handlers.go:617.16,620.3 2 0
github.com/GoogleCloudPlatform/microservices-demo/src/frontend/handlers.go:621.2,621.33 1 0
github.com/GoogleCloudPlatform/microservices-demo/src/frontend/handlers.go:624.107,634.26 4 0
github.com/GoogleCloudPlatform/microservices-demo/src/frontend/handlers.go:634.26,636.3 1 0
github.com/GoogleCloudPlatform/microservices-demo/src/frontend/handlers.go:639.103,654.28 2 0
github.com/GoogleCloudPlatform/microservices-demo/src/frontend/handlers.go:654.28,656.3 1 0
github.com/GoogleCloudPlatform/microservices-demo/src/frontend/handlers.go:658.2,658.13 1 0
github.com/GoogleCloudPlatform/microservices-demo/src/frontend/handlers.go:661.46,663.14 2 0
github.com/GoogleCloudPlatform/microservices-demo/src/frontend/handlers.go:663.14,665.3 1 0
github.com/GoogleCloudPlatform/microservices-demo/src/frontend/handlers.go:666.2,666.24 1 0
github.com/GoogleCloudPlatform/microservices-demo/src/frontend/handlers.go:669.40,671.14 2 0
github.com/GoogleCloudPlatform/microservices-demo/src/frontend/handlers.go:671.14,673.3 1 0
github.com/GoogleCloudPlatform/microservices-demo/src/frontend/handlers.go:674.2,674.11 1 0
github.com/GoogleCloudPlatform/microservices-demo/src/frontend/handlers.go:677.41,679.22 2 0
github.com/GoogleCloudPlatform/microservices-demo/src/frontend/handlers.go:679.22,681.3 1 0
github.com/GoogleCloudPlatform/microservices-demo/src/frontend/handlers.go:682.2,682.12 1 0
github.com/GoogleCloudPlatform/microservices-demo/src/frontend/handlers.go:686.37,688.25 2 0
github.com/GoogleCloudPlatform/microservices-demo/src/frontend/handlers.go:688.25,690.3 1 0
github.com/GoogleCloudPlatform/microservices-demo/src/frontend/handlers.go:691.2,691.17 1 0
github.com/GoogleCloudPlatform/microservices-demo/src/frontend/handlers.go:694.41,697.2 2 0
github.com/GoogleCloudPlatform/microservices-demo/src/frontend/handlers.go:699.53,710.40 3 0
github.com/GoogleCloudPlatform/microservices-demo/src/frontend/handlers.go:710.40,712.3 1 0
github.com/GoogleCloudPlatform/microservices-demo/src/frontend/handlers.go:713.2,713.13 1 0
github.com/GoogleCloudPlatform/microservices-demo/src/frontend/handlers.go:716.53,717.29 1 0
github.com/GoogleCloudPlatform/microservices-demo/src/frontend/handlers.go:717.29,718.18 1 0
github.com/GoogleCloudPlatform/microservices-demo/src/frontend/handlers.go:718.18,720.4 1 0
github.com/GoogleCloudPlatform/microservices-demo/src/frontend/handlers.go:722.2,722.14 1 0
github.com/GoogleCloudPlatform/microservices-demo/src/frontend/main.go:94.13,116.40 9 0
github.com/GoogleCloudPlatform/microservices-demo/src/frontend/main.go:116.40,119.3 2 0
github.com/GoogleCloudPlatform/microservices-demo/src/frontend/main.go:119.8,121.3 1 0
github.com/GoogleCloudPlatform/microservices-demo/src/frontend/main.go:123.2,123.41 1 0
github.com/GoogleCloudPlatform/microservices-demo/src/frontend/main.go:123.41,126.3 2 0
github.com/GoogleCloudPlatform/microservices-demo/src/frontend/main.go:126.8,128.3 1 0
github.com/GoogleCloudPlatform/microservices-demo/src/frontend/main.go:130.2,131.29 2 0
github.com/GoogleCloudPlatform/microservices-demo/src/frontend/main.go:131.29,133.3 1 0
github.com/GoogleCloudPlatform/microservices-demo/src/frontend/main.go:134.2,169.83 34 0
github.com/GoogleCloudPlatform/microservices-demo/src/frontend/main.go:169.83,169.130 1 0
github.com/GoogleCloudPlatform/microservices-demo/src/frontend/main.go:170.2,170.81 1 0
github.com/GoogleCloudPlatform/microservices-demo/src/frontend/main.go:170.81,170.104 1 0
github.com/GoogleCloudPlatform/microservices-demo/src/frontend/main.go:171.2,180.59 8 0
github.com/GoogleCloudPlatform/microservices-demo/src/frontend/main.go:182.41,184.2 0 0
github.com/GoogleCloudPlatform/microservices-demo/src/frontend/main.go:186.118,192.16 4 0
github.com/GoogleCloudPlatform/microservices-demo/src/frontend/main.go:192.16,194.3 1 0
github.com/GoogleCloudPlatform/microservices-demo/src/frontend/main.go:195.2,200.16 3 0
github.com/GoogleCloudPlatform/microservices-demo/src/frontend/main.go:203.69,206.26 1 0
github.com/GoogleCloudPlatform/microservices-demo/src/frontend/main.go:206.26,213.18 2 0
github.com/GoogleCloudPlatform/microservices-demo/src/frontend/main.go:213.18,215.4 1 0
github.com/GoogleCloudPlatform/microservices-demo/src/frontend/main.go:215.9,218.4 2 0
github.com/GoogleCloudPlatform/microservices-demo/src/frontend/main.go:219.3,221.16 3 0
github.com/GoogleCloudPlatform/microservices-demo/src/frontend/main.go:223.2,223.90 1 0
github.com/GoogleCloudPlatform/microservices-demo/src/frontend/main.go:226.48,228.13 2 0
github.com/GoogleCloudPlatform/microservices-demo/src/frontend/main.go:228.13,229.64 1 0
github.com/GoogleCloudPlatform/microservices-demo/src/frontend/main.go:231.2,231.13 1 0
github.com/GoogleCloudPlatform/microservices-demo/src/frontend/main.go:234.77,241.16 5 0
github.com/GoogleCloudPlatform/microservices-demo/src/frontend/main.go:241.16,242.63 1 0
github.com/GoogleCloudPlatform/microservices-demo/src/frontend/middleware.go:41.49,41.72 1 0
github.com/GoogleCloudPlatform/microservices-demo/src/frontend/middleware.go:43.57,44.19 1 0
github.com/GoogleCloudPlatform/microservices-demo/src/frontend/middleware.go:44.19,46.3 1 0
github.com/GoogleCloudPlatform/microservices-demo/src/frontend/middleware.go:47.2,49.15 3 0
github.com/GoogleCloudPlatform/microservices-demo/src/frontend/middleware.go:52.56,55.2 2 0
github.com/GoogleCloudPlatform/microservices-demo/src/frontend/middleware.go:57.73,69.64 7 0
github.com/GoogleCloudPlatform/microservices-demo/src/frontend/middleware.go:69.64,71.3 1 0
github.com/GoogleCloudPlatform/microservices-demo/src/frontend/middleware.go:72.2,73.15 2 0
github.com/GoogleCloudPlatform/microservices-demo/src/frontend/middleware.go:73.15,78.3 1 0
github.com/GoogleCloudPlatform/microservices-demo/src/frontend/middleware.go:80.2,82.26 3 0
github.com/GoogleCloudPlatform/microservices-demo/src/frontend/middleware.go:85.58,86.54 1 0
github.com/GoogleCloudPlatform/microservices-demo/src/frontend/middleware.go:86.54,89.30 3 0
github.com/GoogleCloudPlatform/microservices-demo/src/frontend/middleware.go:89.30,90.59 1 0
github.com/GoogleCloudPlatform/microservices-demo/src/frontend/middleware.go:90.59,93.5 1 0
github.com/GoogleCloudPlatform/microservices-demo/src/frontend/middleware.go:93.10,96.5 2 0
github.com/GoogleCloudPlatform/microservices-demo/src/frontend/middleware.go:97.4,101.6 1 0
github.com/GoogleCloudPlatform/microservices-demo/src/frontend/middleware.go:102.9,102.24 1 0
github.com/GoogleCloudPlatform/microservices-demo/src/frontend/middleware.go:102.24,104.4 1 0
github.com/GoogleCloudPlatform/microservices-demo/src/frontend/middleware.go:104.9,106.4 1 0
github.com/GoogleCloudPlatform/microservices-demo/src/frontend/middleware.go:107.3,109.23 3 0
github.com/GoogleCloudPlatform/microservices-demo/src/frontend/packaging_info.go:42.13,44.2 1 0
github.com/GoogleCloudPlatform/microservices-demo/src/frontend/packaging_info.go:46.42,48.2 1 0
github.com/GoogleCloudPlatform/microservices-demo/src/frontend/packaging_info.go:50.69,55.16 4 0
github.com/GoogleCloudPlatform/microservices-demo/src/frontend/packaging_info.go:55.16,57.3 1 0
github.com/GoogleCloudPlatform/microservices-demo/src/frontend/packaging_info.go:58.2,61.38 2 0
github.com/GoogleCloudPlatform/microservices-demo/src/frontend/packaging_info.go:61.38,63.3 1 0
github.com/GoogleCloudPlatform/microservices-demo/src/frontend/packaging_info.go:66.2,67.16 2 0
github.com/GoogleCloudPlatform/microservices-demo/src/frontend/packaging_info.go:67.16,69.3 1 0
github.com/GoogleCloudPlatform/microservices-demo/src/frontend/packaging_info.go:72.2,74.16 3 0
github.com/GoogleCloudPlatform/microservices-demo/src/frontend/packaging_info.go:74.16,76.3 1 0
github.com/GoogleCloudPlatform/microservices-demo/src/frontend/packaging_info.go:78.2,78.28 1 0
github.com/GoogleCloudPlatform/microservices-demo/src/frontend/rpc.go:30.80,33.16 2 0
github.com/GoogleCloudPlatform/microservices-demo/src/frontend/rpc.go:33.16,35.3 1 0
github.com/GoogleCloudPlatform/microservices-demo/src/frontend/rpc.go:36.2,37.40 2 0
github.com/GoogleCloudPlatform/microservices-demo/src/frontend/rpc.go:37.40,38.44 1 0
github.com/GoogleCloudPlatform/microservices-demo/src/frontend/rpc.go:38.44,40.4 1 0
github.com/GoogleCloudPlatform/microservices-demo/src/frontend/rpc.go:42.2,42.17 1 0
github.com/GoogleCloudPlatform/microservices-demo/src/frontend/rpc.go:45.83,49.2 2 0
github.com/GoogleCloudPlatform/microservices-demo/src/frontend/rpc.go:51.91,55.2 2 0
github.com/GoogleCloudPlatform/microservices-demo/src/frontend/rpc.go:57.95,60.2 2 0
github.com/GoogleCloudPlatform/microservices-demo/src/frontend/rpc.go:62.79,65.2 2 0
github.com/GoogleCloudPlatform/microservices-demo/src/frontend/rpc.go:67.107,75.2 2 0
github.com/GoogleCloudPlatform/microservices-demo/src/frontend/rpc.go:77.117,78.75 1 0
github.com/GoogleCloudPlatform/microservices-demo/src/frontend/rpc.go:78.75,80.3 1 0
github.com/GoogleCloudPlatform/microservices-demo/src/frontend/rpc.go:81.2,84.22 1 0
github.com/GoogleCloudPlatform/microservices-demo/src/frontend/rpc.go:87.123,92.16 2 0
github.com/GoogleCloudPlatform/microservices-demo/src/frontend/rpc.go:92.16,94.3 1 0
github.com/GoogleCloudPlatform/microservices-demo/src/frontend/rpc.go:95.2,96.84 2 0
github.com/GoogleCloudPlatform/microservices-demo/src/frontend/rpc.go:99.126,102.16 2 0
github.com/GoogleCloudPlatform/microservices-demo/src/frontend/rpc.go:102.16,104.3 1 0
github.com/GoogleCloudPlatform/microservices-demo/src/frontend/rpc.go:105.2,106.41 2 0
github.com/GoogleCloudPlatform/microservices-demo/src/frontend/rpc.go:106.41,108.17 2 0
github.com/GoogleCloudPlatform/microservices-demo/src/frontend/rpc.go:108.17,110.4 1 0
github.com/GoogleCloudPlatform/microservices-demo/src/frontend/rpc.go:111.3,111.13 1 0
github.com/GoogleCloudPlatform/microservices-demo/src/frontend/rpc.go:113.2,113.18 1 0
github.com/GoogleCloudPlatform/microservices-demo/src/frontend/rpc.go:113.18,115.3 1 0
github.com/GoogleCloudPlatform/microservices-demo/src/frontend/rpc.go:116.2,116.17 1 0
github.com/GoogleCloudPlatform/microservices-demo/src/frontend/rpc.go:119.90,127.2 4 0
github.com/GoogleCloudPlatform/microservices-demo/src/frontend/rpc.go:129.100,133.2 2 0
github.com/GoogleCloudPlatform/microservices-demo/src/frontend/rpc.go:135.92,139.2 2 0
github.com/GoogleCloudPlatform/microservices-demo/src/frontend/rpc.go:141.95,145.2 2 0
github.com/GoogleCloudPlatform/microservices-demo/src/frontend/wishlist_handlers.go:29.87,39.16 7 0
github.com/GoogleCloudPlatform/microservices-demo/src/frontend/wishlist_handlers.go:39.16,42.3 2 0
github.com/GoogleCloudPlatform/microservices-demo/src/frontend/wishlist_handlers.go:45.2,53.32 3 0
github.com/GoogleCloudPlatform/microservices-demo/src/frontend/wishlist_handlers.go:53.32,56.17 2 0
github.com/GoogleCloudPlatform/microservices-demo/src/frontend/wishlist_handlers.go:56.17,59.12 2 0
github.com/GoogleCloudPlatform/microservices-demo/src/frontend/wishlist_handlers.go:63.3,64.17 2 0
github.com/GoogleCloudPlatform/microservices-demo/src/frontend/wishlist_handlers.go:64.17,68.4 2 0
github.com/GoogleCloudPlatform/microservices-demo/src/frontend/wishlist_handlers.go:71.3,72.17 2 0
github.com/GoogleCloudPlatform/microservices-demo/src/frontend/wishlist_handlers.go:72.17,74.4 1 0
github.com/GoogleCloudPlatform/microservices-demo/src/frontend/wishlist_handlers.go:76.3,81.5 1 0
github.com/GoogleCloudPlatform/microservices-demo/src/frontend/wishlist_handlers.go:84.2,85.16 2 0
github.com/GoogleCloudPlatform/microservices-demo/src/frontend/wishlist_handlers.go:85.16,88.3 2 0
github.com/GoogleCloudPlatform/microservices-demo/src/frontend/wishlist_handlers.go:90.2,95.18 1 0
github.com/GoogleCloudPlatform/microservices-demo/src/frontend/wishlist_handlers.go:95.18,97.3 1 0
github.com/GoogleCloudPlatform/microservices-demo/src/frontend/wishlist_handlers.go:101.88,105.38 3 0
github.com/GoogleCloudPlatform/microservices-demo/src/frontend/wishlist_handlers.go:105.38,108.3 2 0
github.com/GoogleCloudPlatform/microservices-demo/src/frontend/wishlist_handlers.go:110.2,111.21 2 0
github.com/GoogleCloudPlatform/microservices-demo/src/frontend/wishlist_handlers.go:111.21,114.3 2 0
github.com/GoogleCloudPlatform/microservices-demo/src/frontend/wishlist_handlers.go:116.2,121.66 4 0
github.com/GoogleCloudPlatform/microservices-demo/src/frontend/wishlist_handlers.go:121.66,125.3 1 0
github.com/GoogleCloudPlatform/microservices-demo/src/frontend/wishlist_handlers.go:128.2,129.20 2 0
github.com/GoogleCloudPlatform/microservices-demo/src/frontend/wishlist_handlers.go:129.20,131.3 1 0
github.com/GoogleCloudPlatform/microservices-demo/src/frontend/wishlist_handlers.go:133.2,133.52 1 0
github.com/GoogleCloudPlatform/microservices-demo/src/frontend/wishlist_handlers.go:137.93,141.38 3 0
github.com/GoogleCloudPlatform/microservices-demo/src/frontend/wishlist_handlers.go:141.38,144.3 2 0
github.com/GoogleCloudPlatform/microservices-demo/src/frontend/wishlist_handlers.go:146.2,147.21 2 0
github.com/GoogleCloudPlatform/microservices-demo/src/frontend/wishlist_handlers.go:147.21,150.3 2 0
github.com/GoogleCloudPlatform/microservices-demo/src/frontend/wishlist_handlers.go:152.2,157.69 4 0
github.com/GoogleCloudPlatform/microservices-demo/src/frontend/wishlist_handlers.go:157.69,161.3 1 0
github.com/GoogleCloudPlatform/microservices-demo/src/frontend/wishlist_handlers.go:164.2,165.20 2 0
github.com/GoogleCloudPlatform/microservices-demo/src/frontend/wishlist_handlers.go:165.20,167.3 1 0
github.com/GoogleCloudPlatform/microservices-demo/src/frontend/wishlist_handlers.go:169.2,169.52 1 0
github.com/GoogleCloudPlatform/microservices-demo/src/frontend/genproto/demo.pb.go:46.28,51.2 4 0
github.com/GoogleCloudPlatform/microservices-demo/src/frontend/genproto/demo.pb.go:53.36,55.2 1 0
github.com/GoogleCloudPlatform/microservices-demo/src/frontend/genproto/demo.pb.go:57.34,57.35 0 0
github.com/GoogleCloudPlatform/microservices-demo/src/frontend/genproto/demo.pb.go:59.56,61.14 2 0
github.com/GoogleCloudPlatform/microservices-demo/src/frontend/genproto/demo.pb.go:61.14,63.34 2 0
github.com/GoogleCloudPlatform/microservices-demo/src/frontend/genproto/demo.pb.go:63.34,65.4 1 0
github.com/GoogleCloudPlatform/microservices-demo/src/frontend/genproto/demo.pb.go:66.3,66.12 1 0
github.com/GoogleCloudPlatform/microservices-demo/src/frontend/genproto/demo.pb.go:68.2,68.24 1 0
github.com/GoogleCloudPlatform/microservices-demo/src/frontend/genproto/demo.pb.go:72.47,74.2 1 0
github.com/GoogleCloudPlatform/microservices-demo/src/frontend/genproto/demo.pb.go:76.42,77.14 1 0
github.com/GoogleCloudPlatform/microservices-demo/src/frontend/genproto/demo.pb.go:77.14,79.3 1 0
github.com/GoogleCloudPlatform/microservices-demo/src/frontend/genproto/demo.pb.go:80.2,80.11 1 0
github.com/GoogleCloudPlatform/microservices-demo/src/frontend/genproto/demo.pb.go:83.40,84.14 1 0
github.com/GoogleCloudPlatform/microservices-demo/src/frontend/genproto/demo.pb.go:84.14,86.3 1 0
github.com/GoogleCloudPlatform/microservices-demo/src/frontend/genproto/demo.pb.go:87.2,87.10 1 0
github.com/GoogleCloudPlatform/microservices-demo/src/frontend/genproto/demo.pb.go:98.34,103.2 4 0
github.com/GoogleCloudPlatform/microservices-demo/src/frontend/genproto/demo.pb.go:105.42,107.2 1 0
github.com/GoogleCloudPlatform/microservices-demo/src/frontend/genproto/demo.pb.go:109.40,109.41 0 0
github.com/GoogleCloudPlatform/microservices-demo/src/frontend/genproto/demo.pb.go:111.62,113.14 2 0
github.com/GoogleCloudPlatform/microservices-demo/src/frontend/genproto/demo.pb.go:113.14,115.34 2 0
github.com/GoogleCloudPlatform/microservices-demo/src/frontend/genproto/demo.pb.go:115.34,117.4 1 0
github.com/GoogleCloudPlatform/microservices-demo/src/frontend/genproto/demo.pb.go:118.3,118.12 1 0
github.com/GoogleCloudPlatform/microservices-demo/src/frontend/genproto/demo.pb.go:120.2,120.24 1 0
github.com/GoogleCloudPlatform/microservices-demo/src/frontend/genproto/demo.pb.go:124.53,126.2 1 0
github.com/GoogleCloudPlatform/microservices-demo/src/frontend/genproto/demo.pb.go:128.45,129.14 1 0
github.com/GoogleCloudPlatform/microservices-demo/src/frontend/genproto/demo.pb.go:129.14,131.3 1 0
github.com/GoogleCloudPlatform/microservices-demo/src/frontend/genproto/demo.pb.go:132.2,132.11 1 0
github.com/GoogleCloudPlatform/microservices-demo/src/frontend/genproto/demo.pb.go:135.46,136.14 1 0
github.com/GoogleCloudPlatform/microservices-demo/src/frontend/genproto/demo.pb.go:136.14,138.3 1 0
github.com/GoogleCloudPlatform/microservices-demo/src/frontend/genproto/demo.pb.go:139.2,139.12 1 0
github.com/GoogleCloudPlatform/microservices-demo/src/frontend/genproto/demo.pb.go:149.36,154.2 4 0
github.com/GoogleCloudPlatform/microservices-demo/src/frontend/genproto/demo.pb.go:156.44,158.2 1 0
github.com/GoogleCloudPlatform/microservices-demo/src/frontend/genproto/demo.pb.go:160.42,160.43 0 0
github.com/GoogleCloudPlatform/microservices-demo/src/frontend/genproto/demo.pb.go:162.64,164.14 2 0
github.com/GoogleCloudPlatform/microservices-demo/src/frontend/genproto/demo.pb.go:164.14,166.34 2 0
github.com/GoogleCloudPlatform/microservices-demo/src/frontend/genproto/demo.pb.go:166.34,168.4 1 0
github.com/GoogleCloudPlatform/microservices-demo/src/frontend/genproto/demo.pb.go:169.3,169.12 1 0
github.com/GoogleCloudPlatform/microservices-demo/src/frontend/genproto/demo.pb.go:171.2,171.24 1 0
github.com/GoogleCloudPlatform/microservices-demo/src/frontend/genproto/demo.pb.go:175.55,177.2 1 0
github.com/GoogleCloudPlatform/microservices-demo/src/frontend/genproto/demo.pb.go:179.47,180.14 1 0
github.com/GoogleCloudPlatform/microservices-demo/src/frontend/genproto/demo.pb.go:180.14,182.3 1 0
github.com/GoogleCloudPlatform/microservices-demo/src/frontend/genproto/demo.pb.go:183.2,183.11 1 0
github.com/GoogleCloudPlatform/microservices-demo/src/frontend/genproto/demo.pb.go:193.34,198.2 4 0
github.com/GoogleCloudPlatform/microservices-demo/src/frontend/genproto/demo.pb.go:200.42,202.2 1 0
github.com/GoogleCloudPlatform/microservices-demo/src/frontend/genproto/demo.pb.go:204.40,204.41 0 0
github.com/GoogleCloudPlatform/microservices-demo/src/frontend/genproto/demo.pb.go:206.62,208.14 2 0
github.com/GoogleCloudPlatform/microservices-demo/src/frontend/genproto/demo.pb.go:208.14,210.34 2 0
github.com/GoogleCloudPlatform/microservices-demo/src/frontend/genproto/demo.pb.go:210.34,212.4 1 0
github.com/GoogleCloudPlatform/microservices-demo/src/frontend/genproto/demo.pb.go:213.3,213.12 1 0
github.com/GoogleCloudPlatform/microservices-demo/src/frontend/genproto/demo.pb.go:215.2,215.24 1 0
github.com/GoogleCloudPlatform/microservices-demo/src/frontend/genproto/demo.pb.go:219.53,221.2 1 0
github.com/GoogleCloudPlatform/microservices-demo/src/frontend/genproto/demo.pb.go:223.45,224.14 1 0
github.com/GoogleCloudPlatform/microservices-demo/src/frontend/genproto/demo.pb.go:224.14,226.3 1 0
github.com/GoogleCloudPlatform/microservices-demo/src/frontend/genproto/demo.pb.go:227.2,227.11 1 0
github.com/GoogleCloudPlatform/microservices-demo/src/frontend/genproto/demo.pb.go:238.24,243.2 4 0
github.com/GoogleCloudPlatform/microservices-demo/src/frontend/genproto/demo.pb.go:245.32,247.2 1 0
github.com/GoogleCloudPlatform/microservices-demo/src/frontend/genproto/demo.pb.go:249.30,249.31 0 0
github.com/GoogleCloudPlatform/microservices-demo/src/frontend/genproto/demo.pb.go:251.52,253.14 2 0
github.com/GoogleCloudPlatform/microservices-demo/src/frontend/genproto/demo.pb.go:253.14,255.34 2 0
github.com/GoogleCloudPlatform/microservices-demo/src/frontend/genproto/demo.pb.go:255.34,257.4 1 0
github.com/GoogleCloudPlatform/microservices-demo/src/frontend/genproto/demo.pb.go:258.3,258.12 1 0
github.com/GoogleCloudPlatform/microservices-demo/src/frontend/genproto/demo.pb.go:260.2,260.24 1 0
github.com/GoogleCloudPlatform/microservices-demo/src/frontend/genproto/demo.pb.go:264.43,266.2 1 0
github.com/GoogleCloudPlatform/microservices-demo/src/frontend/genproto/demo.pb.go:268.35,269.14 1 0
github.com/GoogleCloudPlatform/microservices-demo/src/frontend/genproto/demo.pb.go:269.14,271.3 1 0
github.com/GoogleCloudPlatform/microservices-demo/src/frontend/genproto/demo.pb.go:272.2,272.11 1 0
github.com/GoogleCloudPlatform/microservices-demo/src/frontend/genproto/demo.pb.go:275.39,276.14 1 0
github.com/GoogleCloudPlatform/microservices-demo/src/frontend/genproto/demo.pb.go:276.14,278.3 1 0
github.com/GoogleCloudPlatform/microservices-demo/src/frontend/genproto/demo.pb.go:279.2,279.12 1 0
github.com/GoogleCloudPlatform/microservices-demo/src/frontend/genproto/demo.pb.go:288.25,293.2 4 0
github.com/GoogleCloudPlatform/microservices-demo/src/frontend/genproto/demo.pb.go:295.33,297.2 1 0
github.com/GoogleCloudPlatform/microservices-demo/src/frontend/genproto/demo.pb.go:299.31,299.32 0 0
github.com/GoogleCloudPlatform/microservices-demo/src/frontend/genproto/demo.pb.go:301.53,303.14 2 0
github.com/GoogleCloudPlatform/microservices-demo/src/frontend/genproto/demo.pb.go:303.14,305.34 2 0
github.com/GoogleCloudPlatform/microservices-demo/src/frontend/genproto/demo.pb.go:305.34,307.4 1 0
github.com/GoogleCloudPlatform/microservices-demo/src/frontend/genproto/demo.pb.go:308.3,308.12 1 0
github.com/GoogleCloudPlatform/microservices-demo/src/frontend/genproto/demo.pb.go:310.2,310.24 1 0
github.com/GoogleCloudPlatform/microservices-demo/src/frontend/genproto/demo.pb.go:314.44,316.2 1 0
github.com/GoogleCloudPlatform/microservices-demo/src/frontend/genproto/demo.pb.go:326.46,331.2 4 0
github.com/GoogleCloudPlatform/microservices-demo/src/frontend/genproto/demo.pb.go:333.54,335.2 1 0
github.com/GoogleCloudPlatform/microservices-demo/src/frontend/genproto/demo.pb.go:337.52,337.53 0 0
github.com/GoogleCloudPlatform/microservices-demo/src/frontend/genproto/demo.pb.go:339.74,341.14 2 0
github.com/GoogleCloudPlatform/microservices-demo/src/frontend/genproto/demo.pb.go:341.14,343.34 2 0
github.com/GoogleCloudPlatform/microservices-demo/src/frontend/genproto/demo.pb.go:343.34,345.4 1 0
github.com/GoogleCloudPlatform/microservices-demo/src/frontend/genproto/demo.pb.go:346.3,346.12 1 0
github.com/GoogleCloudPlatform/microservices-demo/src/frontend/genproto/demo.pb.go:348.2,348.24 1 0
github.com/GoogleCloudPlatform/microservices-demo/src/frontend/genproto/demo.pb.go:352.65,354.2 1 0
github.com/GoogleCloudPlatform/microservices-demo/src/frontend/genproto/demo.pb.go:356.57,357.14 1 0
github.com/GoogleCloudPlatform/microservices-demo/src/frontend/genproto/demo.pb.go:357.14,359.3 1 0
github.com/GoogleCloudPlatform/microservices-demo/src/frontend/genproto/demo.pb.go:360.2,360.11 1 0
github.com/GoogleCloudPlatform/microservices-demo/src/frontend/genproto/demo.pb.go:363.63,364.14 1 0
github.com/GoogleCloudPlatform/microservices-demo/src/frontend/genproto/demo.pb.go:364.14,366.3 1 0
github.com/GoogleCloudPlatform/microservices-demo/src/frontend/genproto/demo.pb.go:367.2,367.12 1 0
github.com/GoogleCloudPlatform/microservices-demo/src/frontend/genproto/demo.pb.go:377.47,382.2 4 0
github.com/GoogleCloudPlatform/microservices-demo/src/frontend/genproto/demo.pb.go:384.55,386.2 1 0
github.com/GoogleCloudPlatform/microservices-demo/src/frontend/genproto/demo.pb.go:388.53,388.54 0 0
github.com/GoogleCloudPlatform/microservices-demo/src/frontend/genproto/demo.pb.go:390.75,392.14 2 0
github.com/GoogleCloudPlatform/microservices-demo/src/frontend/genproto/demo.pb.go:392.14,394.34 2 0
github.com/GoogleCloudPlatform/microservices-demo/src/frontend/genproto/demo.pb.go:394.34,396.4 1 0
github.com/GoogleCloudPlatform/microservices-demo/src/frontend/genproto/demo.pb.go:397.3,397.12 1 0
github.com/GoogleCloudPlatform/microservices-demo/src/frontend/genproto/demo.pb.go:399.2,399.24 1 0
github.com/GoogleCloudPlatform/microservices-demo/src/frontend/genproto/demo.pb.go:403.66,405.2 1 0
github.com/GoogleCloudPlatform/microservices-demo/src/frontend/genproto/demo.pb.go:407.64,408.14 1 0
github.com/GoogleCloudPlatform/microservices-demo/src/frontend/genproto/demo.pb.go:408.14,410.3 1 0
github.com/GoogleCloudPlatform/microservices-demo/src/frontend/genproto/demo.pb.go:411.2,411.12 1 0
github.com/GoogleCloudPlatform/microservices-demo/src/frontend/genproto/demo.pb.go:428.27,433.2 4 0
github.com/GoogleCloudPlatform/microservices-demo/src/frontend/genproto/demo.pb.go:435.35,437.2 1 0
github.com/GoogleCloudPlatform/microservices-demo/src/frontend/genproto/demo.pb.go:439.33,439.34 0 0
github.com/GoogleCloudPlatform/microservices-demo/src/frontend/genproto/demo.pb.go:441.55,443.14 2 0
github.com/GoogleCloudPlatform/microservices-demo/src/frontend/genproto/demo.pb.go:443.14,445.34 2 0
github.com/GoogleCloudPlatform/microservices-demo/src/frontend/genproto/demo.pb.go:445.34,447.4 1 0
github.com/GoogleCloudPlatform/microservices-demo/src/frontend/genproto/demo.pb.go:448.3,448.12 1 0
github.com/GoogleCloudPlatform/microservices-demo/src/frontend/genproto/demo.pb.go:450.2,450.24 1 0
github.com/GoogleCloudPlatform/microservices-demo/src/frontend/genproto/demo.pb.go:454.46,456.2 1 0
github.com/GoogleCloudPlatform/microservices-demo/src/frontend/genproto/demo.pb.go:458.34,459.14 1 0
github.com/GoogleCloudPlatform/microservices-demo/src/frontend/genproto/demo.pb.go:459.14,461.3 1 0
github.com/GoogleCloudPlatform/microservices-demo/src/frontend/genproto/demo.pb.go:462.2,462.11 1 0
github.com/GoogleCloudPlatform/microservices-demo/src/frontend/genproto/demo.pb.go:465.36,466.14 1 0
github.com/GoogleCloudPlatform/microservices-demo/src/frontend/genproto/demo.pb.go:466.14,468.3 1 0
github.com/GoogleCloudPlatform/microservices-demo/src/frontend/genproto/demo.pb.go:469.2,469.11 1 0
github.com/GoogleCloudPlatform/microservices-demo/src/frontend/genproto/demo.pb.go:472.43,473.14 1 0
github.com/GoogleCloudPlatform/microservices-demo/src/frontend/genproto/demo.pb.go:473.14,475.3 1 0
github.com/GoogleCloudPlatform/microservices-demo/src/frontend/genproto/demo.pb.go:476.2,476.11 1 0
github.com/GoogleCloudPlatform/microservices-demo/src/frontend/genproto/demo.pb.go:479.39,480.14 1 0
github.com/GoogleCloudPlatform/microservices-demo/src/frontend/genproto/demo.pb.go:480.14,482.3 1 0
github.com/GoogleCloudPlatform/microservices-demo/src/frontend/genproto/demo.pb.go:483.2,483.11 1 0
github.com/GoogleCloudPlatform/microservices-demo/src/frontend/genproto/demo.pb.go:486.40,487.14 1 0
github.com/GoogleCloudPlatform/microservices-demo/src/frontend/genproto/demo.pb.go:487.14,489.3 1 0
github.com/GoogleCloudPlatform/microservices-demo/src/frontend/genproto/demo.pb.go:490.2,490.12 1 0
github.com/GoogleCloudPlatform/microservices-demo/src/frontend/genproto/demo.pb.go:493.44,494.14 1 0
github.com/GoogleCloudPlatform/microservices-demo/src/frontend/genproto/demo.pb.go:494.14,496.3 1 0
github.com/GoogleCloudPlatform/microservices-demo/src/frontend/genproto/demo.pb.go:497.2,497.12 1 0
github.com/GoogleCloudPlatform/microservices-demo/src/frontend/genproto/demo.pb.go:507.40,512.2 4 0
github.com/GoogleCloudPlatform/microservices-demo/src/frontend/genproto/demo.pb.go:514.48,516.2 1 0
github.com/GoogleCloudPlatform/microservices-demo/src/frontend/genproto/demo.pb.go:518.46,518.47 0 0
github.com/GoogleCloudPlatform/microservices-demo/src/frontend/genproto/demo.pb.go:520.68,522.14 2 0
github.com/GoogleCloudPlatform/microservices-demo/src/frontend/genproto/demo.pb.go:522.14,524.34 2 0
github.com/GoogleCloudPlatform/microservices-demo/src/frontend/genproto/demo.pb.go:524.34,526.4 1 0
github.com/GoogleCloudPlatform/microservices-demo/src/frontend/genproto/demo.pb.go:527.3,527.12 1 0
github.com/GoogleCloudPlatform/microservices-demo/src/frontend/genproto/demo.pb.go:529.2,529.24 1 0
github.com/GoogleCloudPlatform/microservices-demo/src/frontend/genproto/demo.pb.go:533.59,535.2 1 0
github.com/GoogleCloudPlatform/microservices-demo/src/frontend/genproto/demo.pb.go:537.57,538.14 1 0
github.com/GoogleCloudPlatform/microservices-demo/src/frontend/genproto/demo.pb.go:538.14,540.3 1 0
github.com/GoogleCloudPlatform/microservices-demo/src/frontend/genproto/demo.pb.go:541.2,541.12 1 0
github.com/GoogleCloudPlatform/microservices-demo/src/frontend/genproto/demo.pb.go:551.37,556.2 4 0
github.com/GoogleCloudPlatform/microservices-demo/src/frontend/genproto/demo.pb.go:558.45,560.2 1 0
github.com/GoogleCloudPlatform/microservices-demo/src/frontend/genproto/demo.pb.go:562.43,562.44 0 0
github.com/GoogleCloudPlatform/microservices-demo/src/frontend/genproto/demo.pb.go:564.65,566.14 2 0
github.com/GoogleCloudPlatform/microservices-demo/src/frontend/genproto/demo.pb.go:566.14,568.34 2 0
github.com/GoogleCloudPlatform/microservices-demo/src/frontend/genproto/demo.pb.go:568.34,570.4 1 0
github.com/GoogleCloudPlatform/microservices-demo/src/frontend/genproto/demo.pb.go:571.3,571.12 1 0
github.com/GoogleCloudPlatform/microservices-demo/src/frontend/genproto/demo.pb.go:573.2,573.24 1 0
github.com/GoogleCloudPlatform/microservices-demo/src/frontend/genproto/demo.pb.go:577.56,579.2 1 0
github.com/GoogleCloudPlatform/microservices-demo/src/frontend/genproto/demo.pb.go:581.44,582.14 1 0
github.com/GoogleCloudPlatform/microservices-demo/src/frontend/genproto/demo.pb.go:582.14,584.3 1 0
github.com/GoogleCloudPlatform/microservices-demo/src/frontend/genproto/demo.pb.go:585.2,585.11 1 0
github.com/GoogleCloudPlatform/microservices-demo/src/frontend/genproto/demo.pb.go:595.41,600.2 4 0
github.com/GoogleCloudPlatform/microservices-demo/src/frontend/genproto/demo.pb.go:602.49,604.2 1 0
github.com/GoogleCloudPlatform/microservices-demo/src/frontend/genproto/demo.pb.go:606.47,606.48 0 0
github.com/GoogleCloudPlatform/microservices-demo/src/frontend/genproto/demo.pb.go:608.69,610.14 2 0
github.com/GoogleCloudPlatform/microservices-demo/src/frontend/genproto/demo.pb.go:610.14,612.34 2 0
github.com/GoogleCloudPlatform/microservices-demo/src/frontend/genproto/demo.pb.go:612.34,614.4 1 0
github.com/GoogleCloudPlatform/microservices-demo/src/frontend/genproto/demo.pb.go:615.3,615.12 1 0
github.com/GoogleCloudPlatform/microservices-demo/src/frontend/genproto/demo.pb.go:617.2,617.24 1 0
github.com/GoogleCloudPlatform/microservices-demo/src/frontend/genproto/demo.pb.go:621.60,623.2 1 0
github.com/GoogleCloudPlatform/microservices-demo/src/frontend/genproto/demo.pb.go:625.51,626.14 1 0
github.com/GoogleCloudPlatform/microservices-demo/src/frontend/genproto/demo.pb.go:626.14,628.3 1 0
github.com/GoogleCloudPlatform/microservices-demo/src/frontend/genproto/demo.pb.go:629.2,629.11 1 0
github.com/GoogleCloudPlatform/microservices-demo/src/frontend/genproto/demo.pb.go:639.42,644.2 4 0
github.com/GoogleCloudPlatform/microservices-demo/src/frontend/genproto/demo.pb.go:646.50,648.2 1 0
github.com/GoogleCloudPlatform/microservices-demo/src/frontend/genproto/demo.pb.go:650.48,650.49 0 0
github.com/GoogleCloudPlatform/microservices-demo/src/frontend/genproto/demo.pb.go:652.70,654.14 2 0
github.com/GoogleCloudPlatform/microservices-demo/src/frontend/genproto/demo.pb.go:654.14,656.34 2 0
github.com/GoogleCloudPlatform/microservices-demo/src/frontend/genproto/demo.pb.go:656.34,658.4 1 0
github.com/GoogleCloudPlatform/microservices-demo/src/frontend/genproto/demo.pb.go:659.3,659.12 1 0
github.com/GoogleCloudPlatform/microservices-demo/src/frontend/genproto/demo.pb.go:661.2,661.24 1 0
github.com/GoogleCloudPlatform/microservices-demo/src/frontend/genproto/demo.pb.go:665.61,667.2 1 0
github.com/GoogleCloudPlatform/microservices-demo/src/frontend/genproto/demo.pb.go:669.58,670.14 1 0
github.com/GoogleCloudPlatform/microservices-demo/src/frontend/genproto/demo.pb.go:670.14,672.3 1 0
github.com/GoogleCloudPlatform/microservices-demo/src/frontend/genproto/demo.pb.go:673.2,673.12 1 0
github.com/GoogleCloudPlatform/microservices-demo/src/frontend/genproto/demo.pb.go:684.35,689.2 4 0
github.com/GoogleCloudPlatform/microservices-demo/src/frontend/genproto/demo.pb.go:691.43,693.2 1 0
github.com/GoogleCloudPlatform/microservices-demo/src/frontend/genproto/demo.pb.go:695.41,695.42 0 0
github.com/GoogleCloudPlatform/microservices-demo/src/frontend/genproto/demo.pb.go:697.63,699.14 2 0
github.com/GoogleCloudPlatform/microservices-demo/src/frontend/genproto/demo.pb.go:699.14,701.34 2 0
github.com/GoogleCloudPlatform/microservices-demo/src/frontend/genproto/demo.pb.go:701.34,703.4 1 0
github.com/GoogleCloudPlatform/microservices-demo/src/frontend/genproto/demo.pb.go:704.3,704.12 1 0
github.com/GoogleCloudPlatform/microservices-demo/src/frontend/genproto/demo.pb.go:706.2,706.24 1 0
github.com/GoogleCloudPlatform/microservices-demo/src/frontend/genproto/demo.pb.go:710.54,712.2 1 0
github.com/GoogleCloudPlatform/microservices-demo/src/frontend/genproto/demo.pb.go:714.49,715.14 1 0
github.com/GoogleCloudPlatform/microservices-demo/src/frontend/genproto/demo.pb.go:715.14,717.3 1 0
github.com/GoogleCloudPlatform/microservices-demo/src/frontend/genproto/demo.pb.go:718.2,718.12 1 0
github.com/GoogleCloudPlatform/microservices-demo/src/frontend/genproto/demo.pb.go:721.50,722.14 1 0
github.com/GoogleCloudPlatform/microservices-demo/src/frontend/genproto/demo.pb.go:722.14,724.3 1 0
github.com/GoogleCloudPlatform/microservices-demo/src/frontend/genproto/demo.pb.go:725.2,725.12 1 0
github.com/GoogleCloudPlatform/microservices-demo/src/frontend/genproto/demo.pb.go:735.36,740.2 4 0
github.com/GoogleCloudPlatform/microservices-demo/src/frontend/genproto/demo.pb.go:742.44,744.2 1 0
github.com/GoogleCloudPlatform/microservices-demo/src/frontend/genproto/demo.pb.go:746.42,746.43 0 0
github.com/GoogleCloudPlatform/microservices-demo/src/frontend/genproto/demo.pb.go:748.64,750.14 2 0
github.com/GoogleCloudPlatform/microservices-demo/src/frontend/genproto/demo.pb.go:750.14,752.34 2 0
github.com/GoogleCloudPlatform/microservices-demo/src/frontend/genproto/demo.pb.go:752.34,754.4 1 0
github.com/GoogleCloudPlatform/microservices-demo/src/frontend/genproto/demo.pb.go:755.3,755.12 1 0
github.com/GoogleCloudPlatform/microservices-demo/src/frontend/genproto/demo.pb.go:757.2,757.24 1 0
github.com/GoogleCloudPlatform/microservices-demo/src/frontend/genproto/demo.pb.go:761.55,763.2 1 0
github.com/GoogleCloudPlatform/microservices-demo/src/frontend/genproto/demo.pb.go:765.48,766.14 1 0
github.com/GoogleCloudPlatform/microservices-demo/src/frontend/genproto/demo.pb.go:766.14,768.3 1 0
github.com/GoogleCloudPlatform/microservices-demo/src/frontend/genproto/demo.pb.go:769.2,769.12 1 0
github.com/GoogleCloudPlatform/microservices-demo/src/frontend/genproto/demo.pb.go:780.36,785.2 4 0
github.com/GoogleCloudPlatform/microservices-demo/src/frontend/genproto/demo.pb.go:787.44,789.2 1 0
github.com/GoogleCloudPlatform/microservices-demo/src/frontend/genproto/demo.pb.go:791.42,791.43 0 0
github.com/GoogleCloudPlatform/microservices-demo/src/frontend/genproto/demo.pb.go:793.64,795.14 2 0
github.com/GoogleCloudPlatform/microservices-demo/src/frontend/genproto/demo.pb.go:795.14,797.34 2 0
github.com/GoogleCloudPlatform/microservices-demo/src/frontend/genproto/demo.pb.go:797.34,799.4 1 0
github.com/GoogleCloudPlatform/microservices-demo/src/frontend/genproto/demo.pb.go:800.3,800.12 1 0
github.com/GoogleCloudPlatform/microservices-demo/src/frontend/genproto/demo.pb.go:802.2,802.24 1 0
github.com/GoogleCloudPlatform/microservices-demo/src/frontend/genproto/demo.pb.go:806.55,808.2 1 0
github.com/GoogleCloudPlatform/microservices-demo/src/frontend/genproto/demo.pb.go:810.50,811.14 1 0
github.com/GoogleCloudPlatform/microservices-demo/src/frontend/genproto/demo.pb.go:811.14,813.3 1 0
github.com/GoogleCloudPlatform/microservices-demo/src/frontend/genproto/demo.pb.go:814.2,814.12 1 0
github.com/GoogleCloudPlatform/microservices-demo/src/frontend/genproto/demo.pb.go:817.51,818.14 1 0
github.com/GoogleCloudPlatform/microservices-demo/src/frontend/genproto/demo.pb.go:818.14,820.3 1 0
github.com/GoogleCloudPlatform/microservices-demo/src/frontend/genproto/demo.pb.go:821.2,821.12 1 0
github.com/GoogleCloudPlatform/microservices-demo/src/frontend/genproto/demo.pb.go:831.37,836.2 4 0
github.com/GoogleCloudPlatform/microservices-demo/src/frontend/genproto/demo.pb.go:838.45,840.2 1 0
github.com/GoogleCloudPlatform/microservices-demo/src/frontend/genproto/demo.pb.go:842.43,842.44 0 0
github.com/GoogleCloudPlatform/microservices-demo/src/frontend/genproto/demo.pb.go:844.65,846.14 2 0
github.com/GoogleCloudPlatform/microservices-demo/src/frontend/genproto/demo.pb.go:846.14,848.34 2 0
github.com/GoogleCloudPlatform/microservices-demo/src/frontend/genproto/demo.pb.go:848.34,850.4 1 0
github.com/GoogleCloudPlatform/microservices-demo/src/frontend/genproto/demo.pb.go:851.3,851.12 1 0
github.com/GoogleCloudPlatform/microservices-demo/src/frontend/genproto/demo.pb.go:853.2,853.24 1 0
github.com/GoogleCloudPlatform/microservices-demo/src/frontend/genproto/demo.pb.go:857.56,859.2 1 0
github.com/GoogleCloudPlatform/microservices-demo/src/frontend/genproto/demo.pb.go:861.52,862.14 1 0
github.com/GoogleCloudPlatform/microservices-demo/src/frontend/genproto/demo.pb.go:862.14,864.3 1 0
github.com/GoogleCloudPlatform/microservices-demo/src/frontend/genproto/demo.pb.go:865.2,865.11 1 0
github.com/GoogleCloudPlatform/microservices-demo/src/frontend/genproto/demo.pb.go:879.27,884.2 4 0
github.com/GoogleCloudPlatform/microservices-demo/src/frontend/genproto/demo.pb.go:886.35,888.2 1 0
github.com/GoogleCloudPlatform/microservices-demo/src/frontend/genproto/demo.pb.go:890.33,890.34 0 0
github.com/GoogleCloudPlatform/microservices-demo/src/frontend/genproto/demo.pb.go:892.55,894.14 2 0
github.com/GoogleCloudPlatform/microservices-demo/src/frontend/genproto/demo.pb.go:894.14,896.34 2 0
github.com/GoogleCloudPlatform/microservices-demo/src/frontend/genproto/demo.pb.go:896.34,898.4 1 0
github.com/GoogleCloudPlatform/microservices-demo/src/frontend/genproto/demo.pb.go:899.3,899.12 1 0
github.com/GoogleCloudPlatform/microservices-demo/src/frontend/genproto/demo.pb.go:901.2,901.24 1 0
github.com/GoogleCloudPlatform/microservices-demo/src/frontend/genproto/demo.pb.go:905.46,907.2 1 0
github.com/GoogleCloudPlatform/microservices-demo/src/frontend/genproto/demo.pb.go:909.45,910.14 1 0
github.com/GoogleCloudPlatform/microservices-demo/src/frontend/genproto/demo.pb.go:910.14,912.3 1 0
github.com/GoogleCloudPlatform/microservices-demo/src/frontend/genproto/demo.pb.go:913.2,913.11 1 0
github.com/GoogleCloudPlatform/microservices-demo/src/frontend/genproto/demo.pb.go:916.36,917.14 1 0
github.com/GoogleCloudPlatform/microservices-demo/src/frontend/genproto/demo.pb.go:917.14,919.3 1 0
github.com/GoogleCloudPlatform/microservices-demo/src/frontend/genproto/demo.pb.go:920.2,920.11 1 0
github.com/GoogleCloudPlatform/microservices-demo/src/frontend/genproto/demo.pb.go:923.37,924.14 1 0
github.com/GoogleCloudPlatform/microservices-demo/src/frontend/genproto/demo.pb.go:924.14,926.3 1 0
github.com/GoogleCloudPlatform/microservices-demo/src/frontend/genproto/demo.pb.go:927.2,927.11 1 0
github.com/GoogleCloudPlatform/microservices-demo/src/frontend/genproto/demo.pb.go:930.39,931.14 1 0
github.com/GoogleCloudPlatform/microservices-demo/src/frontend/genproto/demo.pb.go:931.14,933.3 1 0
github.com/GoogleCloudPlatform/microservices-demo/src/frontend/genproto/demo.pb.go:934.2,934.11 1 0
github.com/GoogleCloudPlatform/microservices-demo/src/frontend/genproto/demo.pb.go:937.38,938.14 1 0
github.com/GoogleCloudPlatform/microservices-demo/src/frontend/genproto/demo.pb.go:938.14,940.3 1 0
github.com/GoogleCloudPlatform/microservices-demo/src/frontend/genproto/demo.pb.go:941.2,941.10 1 0
github.com/GoogleCloudPlatform/microservices-demo/src/frontend/genproto/demo.pb.go:963.25,968.2 4 0
github.com/GoogleCloudPlatform/microservices-demo/src/frontend/genproto/demo.pb.go:970.33,972.2 1 0
github.com/GoogleCloudPlatform/microservices-demo/src/frontend/genproto/demo.pb.go:974.31,974.32 0 0
github.com/GoogleCloudPlatform/microservices-demo/src/frontend/genproto/demo.pb.go:976.53,978.14 2 0
github.com/GoogleCloudPlatform/microservices-demo/src/frontend/genproto/demo.pb.go:978.14,980.34 2 0
github.com/GoogleCloudPlatform/microservices-demo/src/frontend/genproto/demo.pb.go:980.34,982.4 1 0
github.com/GoogleCloudPlatform/microservices-demo/src/frontend/genproto/demo.pb.go:983.3,983.12 1 0
github.com/GoogleCloudPlatform/microservices-demo/src/frontend/genproto/demo.pb.go:985.2,985.24 1 0
github.com/GoogleCloudPlatform/microservices-demo/src/frontend/genproto/demo.pb.go:989.44,991.2 1 0
github.com/GoogleCloudPlatform/microservices-demo/src/frontend/genproto/demo.pb.go:993.42,994.14 1 0
github.com/GoogleCloudPlatform/microservices-demo/src/frontend/genproto/demo.pb.go:994.14,996.3 1 0
github.com/GoogleCloudPlatform/microservices-demo/src/frontend/genproto/demo.pb.go:997.2,997.11 1 0
github.com/GoogleCloudPlatform/microservices-demo/src/frontend/genproto/demo.pb.go:1000.34,1001.14 1 0
github.com/GoogleCloudPlatform/microservices-demo/src/frontend/genproto/demo.pb.go:1001.14,1003.3 1 0
github.com/GoogleCloudPlatform/microservices-demo/src/frontend/genproto/demo.pb.go:1004.2,1004.10 1 0
github.com/GoogleCloudPlatform/microservices-demo/src/frontend/genproto/demo.pb.go:1007.34,1008.14 1 0
github.com/GoogleCloudPlatform/microservices-demo/src/frontend/genproto/demo.pb.go:1008.14,1010.3 1 0
github.com/GoogleCloudPlatform/microservices-demo/src/frontend/genproto/demo.pb.go:1011.2,1011.10 1 0
github.com/GoogleCloudPlatform/microservices-demo/src/frontend/genproto/demo.pb.go:1022.50,1027.2 4 0
github.com/GoogleCloudPlatform/microservices-demo/src/frontend/genproto/demo.pb.go:1029.58,1031.2 1 0
github.com/GoogleCloudPlatform/microservices-demo/src/frontend/genproto/demo.pb.go:1033.56,1033.57 0 0
github.com/GoogleCloudPlatform/microservices-demo/src/frontend/genproto/demo.pb.go:1035.78,1037.14 2 0
github.com/GoogleCloudPlatform/microservices-demo/src/frontend/genproto/demo.pb.go:1037.14,1039.34 2 0
github.com/GoogleCloudPlatform/microservices-demo/src/frontend/genproto/demo.pb.go:1039.34,1041.4 1 0
github.com/GoogleCloudPlatform/microservices-demo/src/frontend/genproto/demo.pb.go:1042.3,1042.12 1 0
github.com/GoogleCloudPlatform/microservices-demo/src/frontend/genproto/demo.pb.go:1044.2,1044.24 1 0
github.com/GoogleCloudPlatform/microservices-demo/src/frontend/genproto/demo.pb.go:1048.69,1050.2 1 0
github.com/GoogleCloudPlatform/microservices-demo/src/frontend/genproto/demo.pb.go:1052.70,1053.14 1 0
github.com/GoogleCloudPlatform/microservices-demo/src/frontend/genproto/demo.pb.go:1053.14,1055.3 1 0
github.com/GoogleCloudPlatform/microservices-demo/src/frontend/genproto/demo.pb.go:1056.2,1056.12 1 0
github.com/GoogleCloudPlatform/microservices-demo/src/frontend/genproto/demo.pb.go:1068.45,1073.2 4 0
github.com/GoogleCloudPlatform/microservices-demo/src/frontend/genproto/demo.pb.go:1075.53,1077.2 1 0
github.com/GoogleCloudPlatform/microservices-demo/src/frontend/genproto/demo.pb.go:1079.51,1079.52 0 0
github.com/GoogleCloudPlatform/microservices-demo/src/frontend/genproto/demo.pb.go:1081.73,1083.14 2 0
github.com/GoogleCloudPlatform/microservices-demo/src/frontend/genproto/demo.pb.go:1083.14,1085.34 2 0
github.com/GoogleCloudPlatform/microservices-demo/src/frontend/genproto/demo.pb.go:1085.34,1087.4 1 0
github.com/GoogleCloudPlatform/microservices-demo/src/frontend/genproto/demo.pb.go:1088.3,1088.12 1 0
github.com/GoogleCloudPlatform/microservices-demo/src/frontend/genproto/demo.pb.go:1090.2,1090.24 1 0
github.com/GoogleCloudPlatform/microservices-demo/src/frontend/genproto/demo.pb.go:1094.64,1096.2 1 0
github.com/GoogleCloudPlatform/microservices-demo/src/frontend/genproto/demo.pb.go:1098.54,1099.14 1 0
github.com/GoogleCloudPlatform/microservices-demo/src/frontend/genproto/demo.pb.go:1099.14,1101.3 1 0
github.com/GoogleCloudPlatform/microservices-demo/src/frontend/genproto/demo.pb.go:1102.2,1102.12 1 0
github.com/GoogleCloudPlatform/microservices-demo/src/frontend/genproto/demo.pb.go:1105.56,1106.14 1 0
github.com/GoogleCloudPlatform/microservices-demo/src/frontend/genproto/demo.pb.go:1106.14,1108.3 1 0
github.com/GoogleCloudPlatform/microservices-demo/src/frontend/genproto/demo.pb.go:1109.2,1109.11 1 0
github.com/GoogleCloudPlatform/microservices-demo/src/frontend/genproto/demo.pb.go:1122.34,1127.2 4 0
github.com/GoogleCloudPlatform/microservices-demo/src/frontend/genproto/demo.pb.go:1129.42,1131.2 1 0
github.com/GoogleCloudPlatform/microservices-demo/src/frontend/genproto/demo.pb.go:1133.40,1133.41 0 0
github.com/GoogleCloudPlatform/microservices-demo/src/frontend/genproto/demo.pb.go:1135.62,1137.14 2 0
github.com/GoogleCloudPlatform/microservices-demo/src/frontend/genproto/demo.pb.go:1137.14,1139.34 2 0
github.com/GoogleCloudPlatform/microservices-demo/src/frontend/genproto/demo.pb.go:1139.34,1141.4 1 0
github.com/GoogleCloudPlatform/microservices-demo/src/frontend/genproto/demo.pb.go:1142.3,1142.12 1 0
github.com/GoogleCloudPlatform/microservices-demo/src/frontend/genproto/demo.pb.go:1144.2,1144.24 1 0
github.com/GoogleCloudPlatform/microservices-demo/src/frontend/genproto/demo.pb.go:1148.53,1150.2 1 0
github.com/GoogleCloudPlatform/microservices-demo/src/frontend/genproto/demo.pb.go:1152.55,1153.14 1 0
github.com/GoogleCloudPlatform/microservices-demo/src/frontend/genproto/demo.pb.go:1153.14,1155.3 1 0
github.com/GoogleCloudPlatform/microservices-demo/src/frontend/genproto/demo.pb.go:1156.2,1156.11 1 0
github.com/GoogleCloudPlatform/microservices-demo/src/frontend/genproto/demo.pb.go:1159.51,1160.14 1 0
github.com/GoogleCloudPlatform/microservices-demo/src/frontend/genproto/demo.pb.go:1160.14,1162.3 1 0
github.com/GoogleCloudPlatform/microservices-demo/src/frontend/genproto/demo.pb.go:1163.2,1163.10 1 0
github.com/GoogleCloudPlatform/microservices-demo/src/frontend/genproto/demo.pb.go:1166.62,1167.14 1 0
github.com/GoogleCloudPlatform/microservices-demo/src/frontend/genproto/demo.pb.go:1167.14,1169.3 1 0
github.com/GoogleCloudPlatform/microservices-demo/src/frontend/genproto/demo.pb.go:1170.2,1170.10 1 0
github.com/GoogleCloudPlatform/microservices-demo/src/frontend/genproto/demo.pb.go:1173.63,1174.14 1 0
github.com/GoogleCloudPlatform/microservices-demo/src/frontend/genproto/demo.pb.go:1174.14,1176.3 1 0
github.com/GoogleCloudPlatform/microservices-demo/src/frontend/genproto/demo.pb.go:1177.2,1177.10 1 0
github.com/GoogleCloudPlatform/microservices-demo/src/frontend/genproto/demo.pb.go:1188.33,1193.2 4 0
github.com/GoogleCloudPlatform/microservices-demo/src/frontend/genproto/demo.pb.go:1195.41,1197.2 1 0
github.com/GoogleCloudPlatform/microservices-demo/src/frontend/genproto/demo.pb.go:1199.39,1199.40 0 0
github.com/GoogleCloudPlatform/microservices-demo/src/frontend/genproto/demo.pb.go:1201.61,1203.14 2 0
github.com/GoogleCloudPlatform/microservices-demo/src/frontend/genproto/demo.pb.go:1203.14,1205.34 2 0
github.com/GoogleCloudPlatform/microservices-demo/src/frontend/genproto/demo.pb.go:1205.34,1207.4 1 0
github.com/GoogleCloudPlatform/microservices-demo/src/frontend/genproto/demo.pb.go:1208.3,1208.12 1 0
github.com/GoogleCloudPlatform/microservices-demo/src/frontend/genproto/demo.pb.go:1210.2,1210.24 1 0
github.com/GoogleCloudPlatform/microservices-demo/src/frontend/genproto/demo.pb.go:1214.52,1216.2 1 0
github.com/GoogleCloudPlatform/microservices-demo/src/frontend/genproto/demo.pb.go:1218.44,1219.14 1 0
github.com/GoogleCloudPlatform/microservices-demo/src/frontend/genproto/demo.pb.go:1219.14,1221.3 1 0
github.com/GoogleCloudPlatform/microservices-demo/src/frontend/genproto/demo.pb.go:1222.2,1222.12 1 0
github.com/GoogleCloudPlatform/microservices-demo/src/frontend/genproto/demo.pb.go:1225.57,1226.14 1 0
github.com/GoogleCloudPlatform/microservices-demo/src/frontend/genproto/demo.pb.go:1226.14,1228.3 1 0
github.com/GoogleCloudPlatform/microservices-demo/src/frontend/genproto/demo.pb.go:1229.2,1229.12 1 0
github.com/GoogleCloudPlatform/microservices-demo/src/frontend/genproto/demo.pb.go:1239.34,1244.2 4 0
github.com/GoogleCloudPlatform/microservices-demo/src/frontend/genproto/demo.pb.go:1246.42,1248.2 1 0
github.com/GoogleCloudPlatform/microservices-demo/src/frontend/genproto/demo.pb.go:1250.40,1250.41 0 0
github.com/GoogleCloudPlatform/microservices-demo/src/frontend/genproto/demo.pb.go:1252.62,1254.14 2 0
github.com/GoogleCloudPlatform/microservices-demo/src/frontend/genproto/demo.pb.go:1254.14,1256.34 2 0
github.com/GoogleCloudPlatform/microservices-demo/src/frontend/genproto/demo.pb.go:1256.34,1258.4 1 0
github.com/GoogleCloudPlatform/microservices-demo/src/frontend/genproto/demo.pb.go:1259.3,1259.12 1 0
github.com/GoogleCloudPlatform/microservices-demo/src/frontend/genproto/demo.pb.go:1261.2,1261.24 1 0
github.com/GoogleCloudPlatform/microservices-demo/src/frontend/genproto/demo.pb.go:1265.53,1267.2 1 0
github.com/GoogleCloudPlatform/microservices-demo/src/frontend/genproto/demo.pb.go:1269.52,1270.14 1 0
github.com/GoogleCloudPlatform/microservices-demo/src/frontend/genproto/demo.pb.go:1270.14,1272.3 1 0
github.com/GoogleCloudPlatform/microservices-demo/src/frontend/genproto/demo.pb.go:1273.2,1273.11 1 0
github.com/GoogleCloudPlatform/microservices-demo/src/frontend/genproto/demo.pb.go:1284.29,1289.2 4 0
github.com/GoogleCloudPlatform/microservices-demo/src/frontend/genproto/demo.pb.go:1291.37,1293.2 1 0
github.com/GoogleCloudPlatform/microservices-demo/src/frontend/genproto/demo.pb.go:1295.35,1295.36 0 0
github.com/GoogleCloudPlatform/microservices-demo/src/frontend/genproto/demo.pb.go:1297.57,1299.14 2 0
github.com/GoogleCloudPlatform/microservices-demo/src/frontend/genproto/demo.pb.go:1299.14,1301.34 2 0
github.com/GoogleCloudPlatform/microservices-demo/src/frontend/genproto/demo.pb.go:1301.34,1303.4 1 0
github.com/GoogleCloudPlatform/microservices-demo/src/frontend/genproto/demo.pb.go:1304.3,1304.12 1 0
github.com/GoogleCloudPlatform/microservices-demo/src/frontend/genproto/demo.pb.go:1306.2,1306.24 1 0
github.com/GoogleCloudPlatform/microservices-demo/src/frontend/genproto/demo.pb.go:1310.48,1312.2 1 0
github.com/GoogleCloudPlatform/microservices-demo/src/frontend/genproto/demo.pb.go:1314.41,1315.14 1 0
github.com/GoogleCloudPlatform/microservices-demo/src/frontend/genproto/demo.pb.go:1315.14,1317.3 1 0
github.com/GoogleCloudPlatform/microservices-demo/src/frontend/genproto/demo.pb.go:1318.2,1318.12 1 0
github.com/GoogleCloudPlatform/microservices-demo/src/frontend/genproto/demo.pb.go:1321.38,1322.14 1 0
github.com/GoogleCloudPlatform/microservices-demo/src/frontend/genproto/demo.pb.go:1322.14,1324.3 1 0
github.com/GoogleCloudPlatform/microservices-demo/src/frontend/genproto/demo.pb.go:1325.2,1325.12 1 0
github.com/GoogleCloudPlatform/microservices-demo/src/frontend/genproto/demo.pb.go:1339.31,1344.2 4 0
github.com/GoogleCloudPlatform/microservices-demo/src/frontend/genproto/demo.pb.go:1346.39,1348.2 1 0
github.com/GoogleCloudPlatform/microservices-demo/src/frontend/genproto/demo.pb.go:1350.37,1350.38 0 0
github.com/GoogleCloudPlatform/microservices-demo/src/frontend/genproto/demo.pb.go:1352.59,1354.14 2 0
github.com/GoogleCloudPlatform/microservices-demo/src/frontend/genproto/demo.pb.go:1354.14,1356.34 2 0
github.com/GoogleCloudPlatform/microservices-demo/src/frontend/genproto/demo.pb.go:1356.34,1358.4 1 0
github.com/GoogleCloudPlatform/microservices-demo/src/frontend/genproto/demo.pb.go:1359.3,1359.12 1 0
github.com/GoogleCloudPlatform/microservices-demo/src/frontend/genproto/demo.pb.go:1361.2,1361.24 1 0
github.com/GoogleCloudPlatform/microservices-demo/src/frontend/genproto/demo.pb.go:1365.50,1367.2 1 0
github.com/GoogleCloudPlatform/microservices-demo/src/frontend/genproto/demo.pb.go:1369.43,1370.14 1 0
github.com/GoogleCloudPlatform/microservices-demo/src/frontend/genproto/demo.pb.go:1370.14,1372.3 1 0
github.com/GoogleCloudPlatform/microservices-demo/src/frontend/genproto/demo.pb.go:1373.2,1373.11 1 0
github.com/GoogleCloudPlatform/microservices-demo/src/frontend/genproto/demo.pb.go:1376.54,1377.14 1 0
github.com/GoogleCloudPlatform/microservices-demo/src/frontend/genproto/demo.pb.go:1377.14,1379.3 1 0
github.com/GoogleCloudPlatform/microservices-demo/src/frontend/genproto/demo.pb.go:1380.2,1380.11 1 0
github.com/GoogleCloudPlatform/microservices-demo/src/frontend/genproto/demo.pb.go:1383.48,1384.14 1 0
github.com/GoogleCloudPlatform/microservices-demo/src/frontend/genproto/demo.pb.go:1384.14,1386.3 1 0
github.com/GoogleCloudPlatform/microservices-demo/src/frontend/genproto/demo.pb.go:1387.2,1387.12 1 0
github.com/GoogleCloudPlatform/microservices-demo/src/frontend/genproto/demo.pb.go:1390.53,1391.14 1 0
github.com/GoogleCloudPlatform/microservices-demo/src/frontend/genproto/demo.pb.go:1391.14,1393.3 1 0
github.com/GoogleCloudPlatform/microservices-demo/src/frontend/genproto/demo.pb.go:1394.2,1394.12 1 0
github.com/GoogleCloudPlatform/microservices-demo/src/frontend/genproto/demo.pb.go:1397.47,1398.14 1 0
github.com/GoogleCloudPlatform/microservices-demo/src/frontend/genproto/demo.pb.go:1398.14,1400.3 1 0
github.com/GoogleCloudPlatform/microservices-demo/src/frontend/genproto/demo.pb.go:1401.2,1401.12 1 0
github.com/GoogleCloudPlatform/microservices-demo/src/frontend/genproto/demo.pb.go:1412.48,1417.2 4 0
github.com/GoogleCloudPlatform/microservices-demo/src/frontend/genproto/demo.pb.go:1419.56,1421.2 1 0
github.com/GoogleCloudPlatform/microservices-demo/src/frontend/genproto/demo.pb.go:1423.54,1423.55 0 0
github.com/GoogleCloudPlatform/microservices-demo/src/frontend/genproto/demo.pb.go:1425.76,1427.14 2 0
github.com/GoogleCloudPlatform/microservices-demo/src/frontend/genproto/demo.pb.go:1427.14,1429.34 2 0
github.com/GoogleCloudPlatform/microservices-demo/src/frontend/genproto/demo.pb.go:1429.34,1431.4 1 0
github.com/GoogleCloudPlatform/microservices-demo/src/frontend/genproto/demo.pb.go:1432.3,1432.12 1 0
github.com/GoogleCloudPlatform/microservices-demo/src/frontend/genproto/demo.pb.go:1434.2,1434.24 1 0
github.com/GoogleCloudPlatform/microservices-demo/src/frontend/genproto/demo.pb.go:1438.67,1440.2 1 0
github.com/GoogleCloudPlatform/microservices-demo/src/frontend/genproto/demo.pb.go:1442.58,1443.14 1 0
github.com/GoogleCloudPlatform/microservices-demo/src/frontend/genproto/demo.pb.go:1443.14,1445.3 1 0
github.com/GoogleCloudPlatform/microservices-demo/src/frontend/genproto/demo.pb.go:1446.2,1446.11 1 0
github.com/GoogleCloudPlatform/microservices-demo/src/frontend/genproto/demo.pb.go:1449.64,1450.14 1 0
github.com/GoogleCloudPlatform/microservices-demo/src/frontend/genproto/demo.pb.go:1450.14,1452.3 1 0
github.com/GoogleCloudPlatform/microservices-demo/src/frontend/genproto/demo.pb.go:1453.2,1453.12 1 0
github.com/GoogleCloudPlatform/microservices-demo/src/frontend/genproto/demo.pb.go:1467.37,1472.2 4 0
github.com/GoogleCloudPlatform/microservices-demo/src/frontend/genproto/demo.pb.go:1474.45,1476.2 1 0
github.com/GoogleCloudPlatform/microservices-demo/src/frontend/genproto/demo.pb.go:1478.43,1478.44 0 0
github.com/GoogleCloudPlatform/microservices-demo/src/frontend/genproto/demo.pb.go:1480.65,1482.14 2 0
github.com/GoogleCloudPlatform/microservices-demo/src/frontend/genproto/demo.pb.go:1482.14,1484.34 2 0
github.com/GoogleCloudPlatform/microservices-demo/src/frontend/genproto/demo.pb.go:1484.34,1486.4 1 0
github.com/GoogleCloudPlatform/microservices-demo/src/frontend/genproto/demo.pb.go:1487.3,1487.12 1 0
github.com/GoogleCloudPlatform/microservices-demo/src/frontend/genproto/demo.pb.go:1489.2,1489.24 1 0
github.com/GoogleCloudPlatform/microservices-demo/src/frontend/genproto/demo.pb.go:1493.56,1495.2 1 0
github.com/GoogleCloudPlatform/microservices-demo/src/frontend/genproto/demo.pb.go:1497.48,1498.14 1 0
github.com/GoogleCloudPlatform/microservices-demo/src/frontend/genproto/demo.pb.go:1498.14,1500.3 1 0
github.com/GoogleCloudPlatform/microservices-demo/src/frontend/genproto/demo.pb.go:1501.2,1501.11 1 0
github.com/GoogleCloudPlatform/microservices-demo/src/frontend/genproto/demo.pb.go:1504.54,1505.14 1 0
github.com/GoogleCloudPlatform/microservices-demo/src/frontend/genproto/demo.pb.go:1505.14,1507.3 1 0
github.com/GoogleCloudPlatform/microservices-demo/src/frontend/genproto/demo.pb.go:1508.2,1508.11 1 0
github.com/GoogleCloudPlatform/microservices-demo/src/frontend/genproto/demo.pb.go:1511.51,1512.14 1 0
github.com/GoogleCloudPlatform/microservices-demo/src/frontend/genproto/demo.pb.go:1512.14,1514.3 1 0
github.com/GoogleCloudPlatform/microservices-demo/src/frontend/genproto/demo.pb.go:1515.2,1515.12 1 0
github.com/GoogleCloudPlatform/microservices-demo/src/frontend/genproto/demo.pb.go:1518.47,1519.14 1 0
github.com/GoogleCloudPlatform/microservices-demo/src/frontend/genproto/demo.pb.go:1519.14,1521.3 1 0
github.com/GoogleCloudPlatform/microservices-demo/src/frontend/genproto/demo.pb.go:1522.2,1522.11 1 0
github.com/GoogleCloudPlatform/microservices-demo/src/frontend/genproto/demo.pb.go:1525.61,1526.14 1 0
github.com/GoogleCloudPlatform/microservices-demo/src/frontend/genproto/demo.pb.go:1526.14,1528.3 1 0
github.com/GoogleCloudPlatform/microservices-demo/src/frontend/genproto/demo.pb.go:1529.2,1529.12 1 0
github.com/GoogleCloudPlatform/microservices-demo/src/frontend/genproto/demo.pb.go:1539.38,1544.2 4 0
github.com/GoogleCloudPlatform/microservices-demo/src/frontend/genproto/demo.pb.go:1546.46,1548.2 1 0
github.com/GoogleCloudPlatform/microservices-demo/src/frontend/genproto/demo.pb.go:1550.44,1550.45 0 0
github.com/GoogleCloudPlatform/microservices-demo/src/frontend/genproto/demo.pb.go:1552.66,1554.14 2 0
github.com/GoogleCloudPlatform/microservices-demo/src/frontend/genproto/demo.pb.go:1554.14,1556.34 2 0
github.com/GoogleCloudPlatform/microservices-demo/src/frontend/genproto/demo.pb.go:1556.34,1558.4 1 0
github.com/GoogleCloudPlatform/microservices-demo/src/frontend/genproto/demo.pb.go:1559.3,1559.12 1 0
github.com/GoogleCloudPlatform/microservices-demo/src/frontend/genproto/demo.pb.go:1561.2,1561.24 1 0
github.com/GoogleCloudPlatform/microservices-demo/src/frontend/genproto/demo.pb.go:1565.57,1567.2 1 0
github.com/GoogleCloudPlatform/microservices-demo/src/frontend/genproto/demo.pb.go:1569.54,1570.14 1 0
github.com/GoogleCloudPlatform/microservices-demo/src/frontend/genproto/demo.pb.go:1570.14,1572.3 1 0
github.com/GoogleCloudPlatform/microservices-demo/src/frontend/genproto/demo.pb.go:1573.2,1573.12 1 0
github.com/GoogleCloudPlatform/microservices-demo/src/frontend/genproto/demo.pb.go:1584.29,1589.2 4 0
github.com/GoogleCloudPlatform/microservices-demo/src/frontend/genproto/demo.pb.go:1591.37,1593.2 1 0
github.com/GoogleCloudPlatform/microservices-demo/src/frontend/genproto/demo.pb.go:1595.35,1595.36 0 0
github.com/GoogleCloudPlatform/microservices-demo/src/frontend/genproto/demo.pb.go:1597.57,1599.14 2 0
github.com/GoogleCloudPlatform/microservices-demo/src/frontend/genproto/demo.pb.go:1599.14,1601.34 2 0
github.com/GoogleCloudPlatform/microservices-demo/src/frontend/genproto/demo.pb.go:1601.34,1603.4 1 0
github.com/GoogleCloudPlatform/microservices-demo/src/frontend/genproto/demo.pb.go:1604.3,1604.12 1 0
github.com/GoogleCloudPlatform/microservices-demo/src/frontend/genproto/demo.pb.go:1606.2,1606.24 1 0
github.com/GoogleCloudPlatform/microservices-demo/src/frontend/genproto/demo.pb.go:1610.48,1612.2 1 0
github.com/GoogleCloudPlatform/microservices-demo/src/frontend/genproto/demo.pb.go:1614.47,1615.14 1 0
github.com/GoogleCloudPlatform/microservices-demo/src/frontend/genproto/demo.pb.go:1615.14,1617.3 1 0
github.com/GoogleCloudPlatform/microservices-demo/src/frontend/genproto/demo.pb.go:1618.2,1618.12 1 0
github.com/GoogleCloudPlatform/microservices-demo/src/frontend/genproto/demo.pb.go:1628.30,1633.2 4 0
github.com/GoogleCloudPlatform/microservices-demo/src/frontend/genproto/demo.pb.go:1635.38,1637.2 1 0
github.com/GoogleCloudPlatform/microservices-demo/src/frontend/genproto/demo.pb.go:1639.36,1639.37 0 0
github.com/GoogleCloudPlatform/microservices-demo/src/frontend/genproto/demo.pb.go:1641.58,1643.14 2 0
github.com/GoogleCloudPlatform/microservices-demo/src/frontend/genproto/demo.pb.go:1643.14,1645.34 2 0
github.com/GoogleCloudPlatform/microservices-demo/src/frontend/genproto/demo.pb.go:1645.34,1647.4 1 0
github.com/GoogleCloudPlatform/microservices-demo/src/frontend/genproto/demo.pb.go:1648.3,1648.12 1 0
github.com/GoogleCloudPlatform/microservices-demo/src/frontend/genproto/demo.pb.go:1650.2,1650.24 1 0
github.com/GoogleCloudPlatform/microservices-demo/src/frontend/genproto/demo.pb.go:1654.49,1656.2 1 0
github.com/GoogleCloudPlatform/microservices-demo/src/frontend/genproto/demo.pb.go:1658.37,1659.14 1 0
github.com/GoogleCloudPlatform/microservices-demo/src/frontend/genproto/demo.pb.go:1659.14,1661.3 1 0
github.com/GoogleCloudPlatform/microservices-demo/src/frontend/genproto/demo.pb.go:1662.2,1662.12 1 0
github.com/GoogleCloudPlatform/microservices-demo/src/frontend/genproto/demo.pb.go:1675.22,1680.2 4 0
github.com/GoogleCloudPlatform/microservices-demo/src/frontend/genproto/demo.pb.go:1682.30,1684.2 1 0
github.com/GoogleCloudPlatform/microservices-demo/src/frontend/genproto/demo.pb.go:1686.28,1686.29 0 0
github.com/GoogleCloudPlatform/microservices-demo/src/frontend/genproto/demo.pb.go:1688.50,1690.14 2 0
github.com/GoogleCloudPlatform/microservices-demo/src/frontend/genproto/demo.pb.go:1690.14,1692.34 2 0
github.com/GoogleCloudPlatform/microservices-demo/src/frontend/genproto/demo.pb.go:1692.34,1694.4 1 0
github.com/GoogleCloudPlatform/microservices-demo/src/frontend/genproto/demo.pb.go:1695.3,1695.12 1 0
github.com/GoogleCloudPlatform/microservices-demo/src/frontend/genproto/demo.pb.go:1697.2,1697.24 1 0
github.com/GoogleCloudPlatform/microservices-demo/src/frontend/genproto/demo.pb.go:1701.41,1703.2 1 0
github.com/GoogleCloudPlatform/microservices-demo/src/frontend/genproto/demo.pb.go:1705.38,1706.14 1 0
github.com/GoogleCloudPlatform/microservices-demo/src/frontend/genproto/demo.pb.go:1706.14,1708.3 1 0
github.com/GoogleCloudPlatform/microservices-demo/src/frontend/genproto/demo.pb.go:1709.2,1709.11 1 0
github.com/GoogleCloudPlatform/microservices-demo/src/frontend/genproto/demo.pb.go:1712.31,1713.14 1 0
github.com/GoogleCloudPlatform/microservices-demo/src/frontend/genproto/demo.pb.go:1713.14,1715.3 1 0
github.com/GoogleCloudPlatform/microservices-demo/src/frontend/genproto/demo.pb.go:1716.2,1716.11 1 0
github.com/GoogleCloudPlatform/microservices-demo/src/frontend/genproto/demo.pb.go:1727.28,1732.2 4 0
github.com/GoogleCloudPlatform/microservices-demo/src/frontend/genproto/demo.pb.go:1734.36,1736.2 1 0
github.com/GoogleCloudPlatform/microservices-demo/src/frontend/genproto/demo.pb.go:1738.34,1738.35 0 0
github.com/GoogleCloudPlatform/microservices-demo/src/frontend/genproto/demo.pb.go:1740.56,1742.14 2 0
github.com/GoogleCloudPlatform/microservices-demo/src/frontend/genproto/demo.pb.go:1742.14,1744.34 2 0
github.com/GoogleCloudPlatform/microservices-demo/src/frontend/genproto/demo.pb.go:1744.34,1746.4 1 0
github.com/GoogleCloudPlatform/microservices-demo/src/frontend/genproto/demo.pb.go:1747.3,1747.12 1 0
github.com/GoogleCloudPlatform/microservices-demo/src/frontend/genproto/demo.pb.go:1749.2,1749.24 1 0
github.com/GoogleCloudPlatform/microservices-demo/src/frontend/genproto/demo.pb.go:1753.47,1755.2 1 0
github.com/GoogleCloudPlatform/microservices-demo/src/frontend/genproto/demo.pb.go:1757.42,1758.14 1 0
github.com/GoogleCloudPlatform/microservices-demo/src/frontend/genproto/demo.pb.go:1758.14,1760.3 1 0
github.com/GoogleCloudPlatform/microservices-demo/src/frontend/genproto/demo.pb.go:1761.2,1761.11 1 0
github.com/GoogleCloudPlatform/microservices-demo/src/frontend/genproto/demo.pb.go:1764.40,1765.14 1 0
github.com/GoogleCloudPlatform/microservices-demo/src/frontend/genproto/demo.pb.go:1765.14,1767.3 1 0
github.com/GoogleCloudPlatform/microservices-demo/src/frontend/genproto/demo.pb.go:1768.2,1768.11 1 0
github.com/GoogleCloudPlatform/microservices-demo/src/frontend/genproto/demo.pb.go:1779.38,1784.2 4 0
github.com/GoogleCloudPlatform/microservices-demo/src/frontend/genproto/demo.pb.go:1786.46,1788.2 1 0
github.com/GoogleCloudPlatform/microservices-demo/src/frontend/genproto/demo.pb.go:1790.44,1790.45 0 0
github.com/GoogleCloudPlatform/microservices-demo/src/frontend/genproto/demo.pb.go:1792.66,1794.14 2 0
github.com/GoogleCloudPlatform/microservices-demo/src/frontend/genproto/demo.pb.go:1794.14,1796.34 2 0
github.com/GoogleCloudPlatform/microservices-demo/src/frontend/genproto/demo.pb.go:1796.34,1798.4 1 0
github.com/GoogleCloudPlatform/microservices-demo/src/frontend/genproto/demo.pb.go:1799.3,1799.12 1 0
github.com/GoogleCloudPlatform/microservices-demo/src/frontend/genproto/demo.pb.go:1801.2,1801.24 1 0
github.com/GoogleCloudPlatform/microservices-demo/src/frontend/genproto/demo.pb.go:1805.57,1807.2 1 0
github.com/GoogleCloudPlatform/microservices-demo/src/frontend/genproto/demo.pb.go:1809.49,1810.14 1 0
github.com/GoogleCloudPlatform/microservices-demo/src/frontend/genproto/demo.pb.go:1810.14,1812.3 1 0
github.com/GoogleCloudPlatform/microservices-demo/src/frontend/genproto/demo.pb.go:1813.2,1813.11 1 0
github.com/GoogleCloudPlatform/microservices-demo/src/frontend/genproto/demo.pb.go:1816.52,1817.14 1 0
github.com/GoogleCloudPlatform/microservices-demo/src/frontend/genproto/demo.pb.go:1817.14,1819.3 1 0
github.com/GoogleCloudPlatform/microservices-demo/src/frontend/genproto/demo.pb.go:1820.2,1820.11 1 0
github.com/GoogleCloudPlatform/microservices-demo/src/frontend/genproto/demo.pb.go:1830.39,1835.2 4 0
github.com/GoogleCloudPlatform/microservices-demo/src/frontend/genproto/demo.pb.go:1837.47,1839.2 1 0
github.com/GoogleCloudPlatform/microservices-demo/src/frontend/genproto/demo.pb.go:1841.45,1841.46 0 0
github.com/GoogleCloudPlatform/microservices-demo/src/frontend/genproto/demo.pb.go:1843.67,1845.14 2 0
github.com/GoogleCloudPlatform/microservices-demo/src/frontend/genproto/demo.pb.go:1845.14,1847.34 2 0
github.com/GoogleCloudPlatform/microservices-demo/src/frontend/genproto/demo.pb.go:1847.34,1849.4 1 0
github.com/GoogleCloudPlatform/microservices-demo/src/frontend/genproto/demo.pb.go:1850.3,1850.12 1 0
github.com/GoogleCloudPlatform/microservices-demo/src/frontend/genproto/demo.pb.go:1852.2,1852.24 1 0
github.com/GoogleCloudPlatform/microservices-demo/src/frontend/genproto/demo.pb.go:1856.58,1858.2 1 0
github.com/GoogleCloudPlatform/microservices-demo/src/frontend/genproto/demo.pb.go:1860.50,1861.14 1 0
github.com/GoogleCloudPlatform/microservices-demo/src/frontend/genproto/demo.pb.go:1861.14,1863.3 1 0
github.com/GoogleCloudPlatform/microservices-demo/src/frontend/genproto/demo.pb.go:1864.2,1864.11 1 0
github.com/GoogleCloudPlatform/microservices-demo/src/frontend/genproto/demo.pb.go:1874.40,1879.2 4 0
github.com/GoogleCloudPlatform/microservices-demo/src/frontend/genproto/demo.pb.go:1881.48,1883.2 1 0
github.com/GoogleCloudPlatform/microservices-demo/src/frontend/genproto/demo.pb.go:1885.46,1885.47 0 0
github.com/GoogleCloudPlatform/microservices-demo/src/frontend/genproto/demo.pb.go:1887.68,1889.14 2 0
github.com/GoogleCloudPlatform/microservices-demo/src/frontend/genproto/demo.pb.go:1889.14,1891.34 2 0
github.com/GoogleCloudPlatform/microservices-demo/src/frontend/genproto/demo.pb.go:1891.34,1893.4 1 0
github.com/GoogleCloudPlatform/microservices-demo/src/frontend/genproto/demo.pb.go:1894.3,1894.12 1 0
github.com/GoogleCloudPlatform/microservices-demo/src/frontend/genproto/demo.pb.go:1896.2,1896.24 1 0
github.com/GoogleCloudPlatform/microservices-demo/src/frontend/genproto/demo.pb.go:1900.59,1902.2 1 0
github.com/GoogleCloudPlatform/microservices-demo/src/frontend/genproto/demo.pb.go:1904.59,1905.14 1 0
github.com/GoogleCloudPlatform/microservices-demo/src/frontend/genproto/demo.pb.go:1905.14,1907.3 1 0
[...]
github.com/GoogleCloudPlatform/microservices-demo/src/frontend/genproto/demo_grpc.pb.go:582.24,584.3 1 0
github.com/GoogleCloudPlatform/microservices-demo/src/frontend/genproto/demo_grpc.pb.go:585.2,589.77 2 0
github.com/GoogleCloudPlatform/microservices-demo/src/frontend/genproto/demo_grpc.pb.go:589.77,591.3 1 0
github.com/GoogleCloudPlatform/microservices-demo/src/frontend/genproto/demo_grpc.pb.go:592.2,592.44 1 0
github.com/GoogleCloudPlatform/microservices-demo/src/frontend/genproto/demo_grpc.pb.go:595.170,597.32 2 0
github.com/GoogleCloudPlatform/microservices-demo/src/frontend/genproto/demo_grpc.pb.go:597.32,599.3 1 0
github.com/GoogleCloudPlatform/microservices-demo/src/frontend/genproto/demo_grpc.pb.go:600.2,600.24 1 0
github.com/GoogleCloudPlatform/microservices-demo/src/frontend/genproto/demo_grpc.pb.go:600.24,602.3 1 0
github.com/GoogleCloudPlatform/microservices-demo/src/frontend/genproto/demo_grpc.pb.go:603.2,607.77 2 0
github.com/GoogleCloudPlatform/microservices-demo/src/frontend/genproto/demo_grpc.pb.go:607.77,609.3 1 0
github.com/GoogleCloudPlatform/microservices-demo/src/frontend/genproto/demo_grpc.pb.go:610.2,610.44 1 0
github.com/GoogleCloudPlatform/microservices-demo/src/frontend/genproto/demo_grpc.pb.go:650.82,652.2 1 0
github.com/GoogleCloudPlatform/microservices-demo/src/frontend/genproto/demo_grpc.pb.go:654.154,658.16 4 0
github.com/GoogleCloudPlatform/microservices-demo/src/frontend/genproto/demo_grpc.pb.go:658.16,660.3 1 0
github.com/GoogleCloudPlatform/microservices-demo/src/frontend/genproto/demo_grpc.pb.go:661.2,661.17 1 0
github.com/GoogleCloudPlatform/microservices-demo/src/frontend/genproto/demo_grpc.pb.go:664.134,668.16 4 0
github.com/GoogleCloudPlatform/microservices-demo/src/frontend/genproto/demo_grpc.pb.go:668.16,670.3 1 0
github.com/GoogleCloudPlatform/microservices-demo/src/frontend/genproto/demo_grpc.pb.go:671.2,671.17 1 0
github.com/GoogleCloudPlatform/microservices-demo/src/frontend/genproto/demo_grpc.pb.go:690.132,692.2 1 0
github.com/GoogleCloudPlatform/microservices-demo/src/frontend/genproto/demo_grpc.pb.go:693.112,695.2 1 0
github.com/GoogleCloudPlatform/microservices-demo/src/frontend/genproto/demo_grpc.pb.go:696.90,696.91 0 0
github.com/GoogleCloudPlatform/microservices-demo/src/frontend/genproto/demo_grpc.pb.go:697.90,697.91 0 0
github.com/GoogleCloudPlatform/microservices-demo/src/frontend/genproto/demo_grpc.pb.go:706.88,711.59 1 0
github.com/GoogleCloudPlatform/microservices-demo/src/frontend/genproto/demo_grpc.pb.go:711.59,713.3 1 0
github.com/GoogleCloudPlatform/microservices-demo/src/frontend/genproto/demo_grpc.pb.go:714.2,714.54 1 0
github.com/GoogleCloudPlatform/microservices-demo/src/frontend/genproto/demo_grpc.pb.go:717.183,719.32 2 0
github.com/GoogleCloudPlatform/microservices-demo/src/frontend/genproto/demo_grpc.pb.go:719.32,721.3 1 0
github.com/GoogleCloudPlatform/microservices-demo/src/frontend/genproto/demo_grpc.pb.go:722.2,722.24 1 0
github.com/GoogleCloudPlatform/microservices-demo/src/frontend/genproto/demo_grpc.pb.go:722.24,724.3 1 0
github.com/GoogleCloudPlatform/microservices-demo/src/frontend/genproto/demo_grpc.pb.go:725.2,729.77 2 0
github.com/GoogleCloudPlatform/microservices-demo/src/frontend/genproto/demo_grpc.pb.go:729.77,731.3 1 0
github.com/GoogleCloudPlatform/microservices-demo/src/frontend/genproto/demo_grpc.pb.go:732.2,732.44 1 0
github.com/GoogleCloudPlatform/microservices-demo/src/frontend/genproto/demo_grpc.pb.go:735.168,737.32 2 0
github.com/GoogleCloudPlatform/microservices-demo/src/frontend/genproto/demo_grpc.pb.go:737.32,739.3 1 0
github.com/GoogleCloudPlatform/microservices-demo/src/frontend/genproto/demo_grpc.pb.go:740.2,740.24 1 0
github.com/GoogleCloudPlatform/microservices-demo/src/frontend/genproto/demo_grpc.pb.go:740.24,742.3 1 0
github.com/GoogleCloudPlatform/microservices-demo/src/frontend/genproto/demo_grpc.pb.go:743.2,747.77 2 0
github.com/GoogleCloudPlatform/microservices-demo/src/frontend/genproto/demo_grpc.pb.go:747.77,749.3 1 0
github.com/GoogleCloudPlatform/microservices-demo/src/frontend/genproto/demo_grpc.pb.go:750.2,750.44 1 0
github.com/GoogleCloudPlatform/microservices-demo/src/frontend/genproto/demo_grpc.pb.go:788.80,790.2 1 0
github.com/GoogleCloudPlatform/microservices-demo/src/frontend/genproto/demo_grpc.pb.go:792.129,796.16 4 0
github.com/GoogleCloudPlatform/microservices-demo/src/frontend/genproto/demo_grpc.pb.go:796.16,798.3 1 0
github.com/GoogleCloudPlatform/microservices-demo/src/frontend/genproto/demo_grpc.pb.go:799.2,799.17 1 0
github.com/GoogleCloudPlatform/microservices-demo/src/frontend/genproto/demo_grpc.pb.go:817.107,819.2 1 0
github.com/GoogleCloudPlatform/microservices-demo/src/frontend/genproto/demo_grpc.pb.go:820.88,820.89 0 0
github.com/GoogleCloudPlatform/microservices-demo/src/frontend/genproto/demo_grpc.pb.go:821.88,821.89 0 0
github.com/GoogleCloudPlatform/microservices-demo/src/frontend/genproto/demo_grpc.pb.go:830.86,835.59 1 0
github.com/GoogleCloudPlatform/microservices-demo/src/frontend/genproto/demo_grpc.pb.go:835.59,837.3 1 0
github.com/GoogleCloudPlatform/microservices-demo/src/frontend/genproto/demo_grpc.pb.go:838.2,838.53 1 0
github.com/GoogleCloudPlatform/microservices-demo/src/frontend/genproto/demo_grpc.pb.go:841.166,843.32 2 0
github.com/GoogleCloudPlatform/microservices-demo/src/frontend/genproto/demo_grpc.pb.go:843.32,845.3 1 0
github.com/GoogleCloudPlatform/microservices-demo/src/frontend/genproto/demo_grpc.pb.go:846.2,846.24 1 0
github.com/GoogleCloudPlatform/microservices-demo/src/frontend/genproto/demo_grpc.pb.go:846.24,848.3 1 0
github.com/GoogleCloudPlatform/microservices-demo/src/frontend/genproto/demo_grpc.pb.go:849.2,853.77 2 0
github.com/GoogleCloudPlatform/microservices-demo/src/frontend/genproto/demo_grpc.pb.go:853.77,855.3 1 0
github.com/GoogleCloudPlatform/microservices-demo/src/frontend/genproto/demo_grpc.pb.go:856.2,856.44 1 0
github.com/GoogleCloudPlatform/microservices-demo/src/frontend/genproto/demo_grpc.pb.go:890.76,892.2 1 0
github.com/GoogleCloudPlatform/microservices-demo/src/frontend/genproto/demo_grpc.pb.go:894.148,898.16 4 0
github.com/GoogleCloudPlatform/microservices-demo/src/frontend/genproto/demo_grpc.pb.go:898.16,900.3 1 0
github.com/GoogleCloudPlatform/microservices-demo/src/frontend/genproto/demo_grpc.pb.go:901.2,901.17 1 0
github.com/GoogleCloudPlatform/microservices-demo/src/frontend/genproto/demo_grpc.pb.go:919.126,921.2 1 0
github.com/GoogleCloudPlatform/microservices-demo/src/frontend/genproto/demo_grpc.pb.go:922.84,922.85 0 0
github.com/GoogleCloudPlatform/microservices-demo/src/frontend/genproto/demo_grpc.pb.go:923.84,923.85 0 0
github.com/GoogleCloudPlatform/microservices-demo/src/frontend/genproto/demo_grpc.pb.go:932.82,937.59 1 0
github.com/GoogleCloudPlatform/microservices-demo/src/frontend/genproto/demo_grpc.pb.go:937.59,939.3 1 0
github.com/GoogleCloudPlatform/microservices-demo/src/frontend/genproto/demo_grpc.pb.go:940.2,940.51 1 0
github.com/GoogleCloudPlatform/microservices-demo/src/frontend/genproto/demo_grpc.pb.go:943.179,945.32 2 0
github.com/GoogleCloudPlatform/microservices-demo/src/frontend/genproto/demo_grpc.pb.go:945.32,947.3 1 0
github.com/GoogleCloudPlatform/microservices-demo/src/frontend/genproto/demo_grpc.pb.go:948.2,948.24 1 0
github.com/GoogleCloudPlatform/microservices-demo/src/frontend/genproto/demo_grpc.pb.go:948.24,950.3 1 0
github.com/GoogleCloudPlatform/microservices-demo/src/frontend/genproto/demo_grpc.pb.go:951.2,955.77 2 0
github.com/GoogleCloudPlatform/microservices-demo/src/frontend/genproto/demo_grpc.pb.go:955.77,957.3 1 0
github.com/GoogleCloudPlatform/microservices-demo/src/frontend/genproto/demo_grpc.pb.go:958.2,958.44 1 0
github.com/GoogleCloudPlatform/microservices-demo/src/frontend/genproto/demo_grpc.pb.go:992.82,994.2 1 0
github.com/GoogleCloudPlatform/microservices-demo/src/frontend/genproto/demo_grpc.pb.go:996.142,1000.16 4 0
github.com/GoogleCloudPlatform/microservices-demo/src/frontend/genproto/demo_grpc.pb.go:1000.16,1002.3 1 0
github.com/GoogleCloudPlatform/microservices-demo/src/frontend/genproto/demo_grpc.pb.go:1003.2,1003.17 1 0
github.com/GoogleCloudPlatform/microservices-demo/src/frontend/genproto/demo_grpc.pb.go:1021.120,1023.2 1 0
github.com/GoogleCloudPlatform/microservices-demo/src/frontend/genproto/demo_grpc.pb.go:1024.90,1024.91 0 0
github.com/GoogleCloudPlatform/microservices-demo/src/frontend/genproto/demo_grpc.pb.go:1025.90,1025.91 0 0
github.com/GoogleCloudPlatform/microservices-demo/src/frontend/genproto/demo_grpc.pb.go:1034.88,1039.59 1 0
github.com/GoogleCloudPlatform/microservices-demo/src/frontend/genproto/demo_grpc.pb.go:1039.59,1041.3 1 0
github.com/GoogleCloudPlatform/microservices-demo/src/frontend/genproto/demo_grpc.pb.go:1042.2,1042.54 1 0
github.com/GoogleCloudPlatform/microservices-demo/src/frontend/genproto/demo_grpc.pb.go:1045.171,1047.32 2 0
github.com/GoogleCloudPlatform/microservices-demo/src/frontend/genproto/demo_grpc.pb.go:1047.32,1049.3 1 0
github.com/GoogleCloudPlatform/microservices-demo/src/frontend/genproto/demo_grpc.pb.go:1050.2,1050.24 1 0
github.com/GoogleCloudPlatform/microservices-demo/src/frontend/genproto/demo_grpc.pb.go:1050.24,1052.3 1 0
github.com/GoogleCloudPlatform/microservices-demo/src/frontend/genproto/demo_grpc.pb.go:1053.2,1057.77 2 0
github.com/GoogleCloudPlatform/microservices-demo/src/frontend/genproto/demo_grpc.pb.go:1057.77,1059.3 1 0
github.com/GoogleCloudPlatform/microservices-demo/src/frontend/genproto/demo_grpc.pb.go:1060.2,1060.44 1 0
github.com/GoogleCloudPlatform/microservices-demo/src/frontend/genproto/demo_grpc.pb.go:1094.70,1096.2 1 0
github.com/GoogleCloudPlatform/microservices-demo/src/frontend/genproto/demo_grpc.pb.go:1098.116,1102.16 4 0
github.com/GoogleCloudPlatform/microservices-demo/src/frontend/genproto/demo_grpc.pb.go:1102.16,1104.3 1 0
github.com/GoogleCloudPlatform/microservices-demo/src/frontend/genproto/demo_grpc.pb.go:1105.2,1105.17 1 0
github.com/GoogleCloudPlatform/microservices-demo/src/frontend/genproto/demo_grpc.pb.go:1123.94,1125.2 1 0
github.com/GoogleCloudPlatform/microservices-demo/src/frontend/genproto/demo_grpc.pb.go:1126.78,1126.79 0 0
github.com/GoogleCloudPlatform/microservices-demo/src/frontend/genproto/demo_grpc.pb.go:1127.78,1127.79 0 0
github.com/GoogleCloudPlatform/microservices-demo/src/frontend/genproto/demo_grpc.pb.go:1136.76,1141.59 1 0
github.com/GoogleCloudPlatform/microservices-demo/src/frontend/genproto/demo_grpc.pb.go:1141.59,1143.3 1 0
github.com/GoogleCloudPlatform/microservices-demo/src/frontend/genproto/demo_grpc.pb.go:1144.2,1144.48 1 0
github.com/GoogleCloudPlatform/microservices-demo/src/frontend/genproto/demo_grpc.pb.go:1147.161,1149.32 2 0
github.com/GoogleCloudPlatform/microservices-demo/src/frontend/genproto/demo_grpc.pb.go:1149.32,1151.3 1 0
github.com/GoogleCloudPlatform/microservices-demo/src/frontend/genproto/demo_grpc.pb.go:1152.2,1152.24 1 0
github.com/GoogleCloudPlatform/microservices-demo/src/frontend/genproto/demo_grpc.pb.go:1152.24,1154.3 1 0
github.com/GoogleCloudPlatform/microservices-demo/src/frontend/genproto/demo_grpc.pb.go:1155.2,1159.77 2 0
github.com/GoogleCloudPlatform/microservices-demo/src/frontend/genproto/demo_grpc.pb.go:1159.77,1161.3 1 0
github.com/GoogleCloudPlatform/microservices-demo/src/frontend/genproto/demo_grpc.pb.go:1162.2,1162.44 1 0
github.com/GoogleCloudPlatform/microservices-demo/src/frontend/genproto/demo_grpc.pb.go:1202.84,1204.2 1 0
github.com/GoogleCloudPlatform/microservices-demo/src/frontend/genproto/demo_grpc.pb.go:1206.132,1210.16 4 0
github.com/GoogleCloudPlatform/microservices-demo/src/frontend/genproto/demo_grpc.pb.go:1210.16,1212.3 1 0
github.com/GoogleCloudPlatform/microservices-demo/src/frontend/genproto/demo_grpc.pb.go:1213.2,1213.17 1 0
github.com/GoogleCloudPlatform/microservices-demo/src/frontend/genproto/demo_grpc.pb.go:1216.149,1220.16 4 0
github.com/GoogleCloudPlatform/microservices-demo/src/frontend/genproto/demo_grpc.pb.go:1220.16,1222.3 1 0
github.com/GoogleCloudPlatform/microservices-demo/src/frontend/genproto/demo_grpc.pb.go:1223.2,1223.17 1 0
github.com/GoogleCloudPlatform/microservices-demo/src/frontend/genproto/demo_grpc.pb.go:1226.138,1230.16 4 0
github.com/GoogleCloudPlatform/microservices-demo/src/frontend/genproto/demo_grpc.pb.go:1230.16,1232.3 1 0
github.com/GoogleCloudPlatform/microservices-demo/src/frontend/genproto/demo_grpc.pb.go:1233.2,1233.17 1 0
github.com/GoogleCloudPlatform/microservices-demo/src/frontend/genproto/demo_grpc.pb.go:1236.138,1240.16 4 0
github.com/GoogleCloudPlatform/microservices-demo/src/frontend/genproto/demo_grpc.pb.go:1240.16,1242.3 1 0
github.com/GoogleCloudPlatform/microservices-demo/src/frontend/genproto/demo_grpc.pb.go:1243.2,1243.17 1 0
github.com/GoogleCloudPlatform/microservices-demo/src/frontend/genproto/demo_grpc.pb.go:1264.110,1266.2 1 0
github.com/GoogleCloudPlatform/microservices-demo/src/frontend/genproto/demo_grpc.pb.go:1267.127,1269.2 1 0
github.com/GoogleCloudPlatform/microservices-demo/src/frontend/genproto/demo_grpc.pb.go:1270.116,1272.2 1 0
github.com/GoogleCloudPlatform/microservices-demo/src/frontend/genproto/demo_grpc.pb.go:1273.116,1275.2 1 0
github.com/GoogleCloudPlatform/microservices-demo/src/frontend/genproto/demo_grpc.pb.go:1276.92,1276.93 0 0
github.com/GoogleCloudPlatform/microservices-demo/src/frontend/genproto/demo_grpc.pb.go:1277.92,1277.93 0 0
github.com/GoogleCloudPlatform/microservices-demo/src/frontend/genproto/demo_grpc.pb.go:1286.90,1291.59 1 0
github.com/GoogleCloudPlatform/microservices-demo/src/frontend/genproto/demo_grpc.pb.go:1291.59,1293.3 1 0
github.com/GoogleCloudPlatform/microservices-demo/src/frontend/genproto/demo_grpc.pb.go:1294.2,1294.55 1 0
github.com/GoogleCloudPlatform/microservices-demo/src/frontend/genproto/demo_grpc.pb.go:1297.173,1299.32 2 0
github.com/GoogleCloudPlatform/microservices-demo/src/frontend/genproto/demo_grpc.pb.go:1299.32,1301.3 1 0
github.com/GoogleCloudPlatform/microservices-demo/src/frontend/genproto/demo_grpc.pb.go:1302.2,1302.24 1 0
github.com/GoogleCloudPlatform/microservices-demo/src/frontend/genproto/demo_grpc.pb.go:1302.24,1304.3 1 0
github.com/GoogleCloudPlatform/microservices-demo/src/frontend/genproto/demo_grpc.pb.go:1305.2,1309.77 2 0
github.com/GoogleCloudPlatform/microservices-demo/src/frontend/genproto/demo_grpc.pb.go:1309.77,1311.3 1 0
github.com/GoogleCloudPlatform/microservices-demo/src/frontend/genproto/demo_grpc.pb.go:1312.2,1312.44 1 0
github.com/GoogleCloudPlatform/microservices-demo/src/frontend/genproto/demo_grpc.pb.go:1315.174,1317.32 2 0
github.com/GoogleCloudPlatform/microservices-demo/src/frontend/genproto/demo_grpc.pb.go:1317.32,1319.3 1 0
github.com/GoogleCloudPlatform/microservices-demo/src/frontend/genproto/demo_grpc.pb.go:1320.2,1320.24 1 0
github.com/GoogleCloudPlatform/microservices-demo/src/frontend/genproto/demo_grpc.pb.go:1320.24,1322.3 1 0
github.com/GoogleCloudPlatform/microservices-demo/src/frontend/genproto/demo_grpc.pb.go:1323.2,1327.77 2 0
github.com/GoogleCloudPlatform/microservices-demo/src/frontend/genproto/demo_grpc.pb.go:1327.77,1329.3 1 0
github.com/GoogleCloudPlatform/microservices-demo/src/frontend/genproto/demo_grpc.pb.go:1330.2,1330.44 1 0
github.com/GoogleCloudPlatform/microservices-demo/src/frontend/genproto/demo_grpc.pb.go:1333.176,1335.32 2 0
github.com/GoogleCloudPlatform/microservices-demo/src/frontend/genproto/demo_grpc.pb.go:1335.32,1337.3 1 0
github.com/GoogleCloudPlatform/microservices-demo/src/frontend/genproto/demo_grpc.pb.go:1338.2,1338.24 1 0
github.com/GoogleCloudPlatform/microservices-demo/src/frontend/genproto/demo_grpc.pb.go:1338.24,1340.3 1 0
github.com/GoogleCloudPlatform/microservices-demo/src/frontend/genproto/demo_grpc.pb.go:1341.2,1345.77 2 0
github.com/GoogleCloudPlatform/microservices-demo/src/frontend/genproto/demo_grpc.pb.go:1345.77,1347.3 1 0
github.com/GoogleCloudPlatform/microservices-demo/src/frontend/genproto/demo_grpc.pb.go:1348.2,1348.44 1 0
github.com/GoogleCloudPlatform/microservices-demo/src/frontend/genproto/demo_grpc.pb.go:1351.176,1353.32 2 0
github.com/GoogleCloudPlatform/microservices-demo/src/frontend/genproto/demo_grpc.pb.go:1353.32,1355.3 1 0
github.com/GoogleCloudPlatform/microservices-demo/src/frontend/genproto/demo_grpc.pb.go:1356.2,1356.24 1 0
github.com/GoogleCloudPlatform/microservices-demo/src/frontend/genproto/demo_grpc.pb.go:1356.24,1358.3 1 0
github.com/GoogleCloudPlatform/microservices-demo/src/frontend/genproto/demo_grpc.pb.go:1359.2,1363.77 2 0
github.com/GoogleCloudPlatform/microservices-demo/src/frontend/genproto/demo_grpc.pb.go:1363.77,1365.3 1 0
github.com/GoogleCloudPlatform/microservices-demo/src/frontend/genproto/demo_grpc.pb.go:1366.2,1366.44 1 0
github.com/GoogleCloudPlatform/microservices-demo/src/frontend/money/money.go:35.31,37.2 1 1
github.com/GoogleCloudPlatform/microservices-demo/src/frontend/money/money.go:39.35,41.2 1 1
github.com/GoogleCloudPlatform/microservices-demo/src/frontend/money/money.go:43.35,43.84 1 1
github.com/GoogleCloudPlatform/microservices-demo/src/frontend/money/money.go:46.30,46.79 1 1
github.com/GoogleCloudPlatform/microservices-demo/src/frontend/money/money.go:50.34,52.2 1 1
github.com/GoogleCloudPlatform/microservices-demo/src/frontend/money/money.go:56.34,58.2 1 1
github.com/GoogleCloudPlatform/microservices-demo/src/frontend/money/money.go:62.42,64.2 1 1
github.com/GoogleCloudPlatform/microservices-demo/src/frontend/money/money.go:68.36,71.2 1 1
github.com/GoogleCloudPlatform/microservices-demo/src/frontend/money/money.go:74.34,79.2 1 1
github.com/GoogleCloudPlatform/microservices-demo/src/frontend/money/money.go:83.43,84.16 1 1
github.com/GoogleCloudPlatform/microservices-demo/src/frontend/money/money.go:84.16,85.13 1 1
github.com/GoogleCloudPlatform/microservices-demo/src/frontend/money/money.go:87.2,87.10 1 1
github.com/GoogleCloudPlatform/microservices-demo/src/frontend/money/money.go:93.43,94.32 1 1
github.com/GoogleCloudPlatform/microservices-demo/src/frontend/money/money.go:94.32,96.3 1 1
github.com/GoogleCloudPlatform/microservices-demo/src/frontend/money/money.go:96.8,96.55 1 1
github.com/GoogleCloudPlatform/microservices-demo/src/frontend/money/money.go:96.55,98.3 1 1
github.com/GoogleCloudPlatform/microservices-demo/src/frontend/money/money.go:99.2,102.90 3 1
github.com/GoogleCloudPlatform/microservices-demo/src/frontend/money/money.go:102.90,106.3 2 1
github.com/GoogleCloudPlatform/microservices-demo/src/frontend/money/money.go:106.8,108.16 1 0
github.com/GoogleCloudPlatform/microservices-demo/src/frontend/money/money.go:108.16,111.4 2 0
github.com/GoogleCloudPlatform/microservices-demo/src/frontend/money/money.go:111.9,114.4 2 0
github.com/GoogleCloudPlatform/microservices-demo/src/frontend/money/money.go:117.2,120.42 1 1
github.com/GoogleCloudPlatform/microservices-demo/src/frontend/money/money.go:125.50,127.12 2 0
github.com/GoogleCloudPlatform/microservices-demo/src/frontend/money/money.go:127.12,130.3 2 0
github.com/GoogleCloudPlatform/microservices-demo/src/frontend/money/money.go:131.2,131.12 1 0
github.com/GoogleCloudPlatform/microservices-demo/src/frontend/validator/validator.go:29.13,31.2 1 1
github.com/GoogleCloudPlatform/microservices-demo/src/frontend/validator/validator.go:60.46,62.2 1 1
github.com/GoogleCloudPlatform/microservices-demo/src/frontend/validator/validator.go:64.47,66.2 1 1
github.com/GoogleCloudPlatform/microservices-demo/src/frontend/validator/validator.go:68.48,70.2 1 1
github.com/GoogleCloudPlatform/microservices-demo/src/frontend/validator/validator.go:73.47,75.9 2 0
github.com/GoogleCloudPlatform/microservices-demo/src/frontend/validator/validator.go:75.9,77.3 1 0
github.com/GoogleCloudPlatform/microservices-demo/src/frontend/validator/validator.go:78.2,79.37 2 0
github.com/GoogleCloudPlatform/microservices-demo/src/frontend/validator/validator.go:79.37,81.3 1 0
github.com/GoogleCloudPlatform/microservices-demo/src/frontend/validator/validator.go:82.2,82.30 1 0
